#
# A fatal error has been detected by the Java Runtime Environment:
#
#  EXCEPTION_ACCESS_VIOLATION (0xc0000005) at pc=0x0000022bda871066, pid=19436, tid=0x00000000000021f0
#
# JRE version: OpenJDK Runtime Environment (8.0_382-b05) (build 1.8.0_382-b05)
# Java VM: OpenJDK 64-Bit Server VM (25.382-b05 mixed mode windows-amd64 compressed oops)
# Problematic frame:
# C  [OpenAL64.dll+0x11066]
#
# Failed to write core dump. Minidumps are not enabled by default on client versions of Windows
#
# If you would like to submit a bug report, please visit:
#   https://github.com/adoptium/adoptium-support/issues
# The crash happened outside the Java Virtual Machine in native code.
# See problematic frame for where to report the bug.
#

---------------  T H R E A D  ---------------

Current thread (0x0000022bbdcd9800):  JavaThread "main" [_thread_in_native, id=8688, stack(0x000000eb7bb00000,0x000000eb7bc00000)]

siginfo: ExceptionCode=0xc0000005, reading address 0x0000022bd6fce004

Registers:
RAX=0x0000000000000004, RBX=0x0000022bdabd0090, RCX=0x0000022bd6fce008, RDX=0x0000022bd6fce004
RSP=0x000000eb7bbfbff0, RBP=0x00000000000000ff, RSI=0x0000022bd6fcdf9c, RDI=0x0000000000000000
R8 =0x000000000000001a, R9 =0x0000022bd6fcdf9c, R10=0x0000022bbf699c62, R11=0x0000000059518ee0
R12=0x0000000000000001, R13=0x0000022bda395390, R14=0x000000eb7bbfc190, R15=0x0000022bbdcd9800
RIP=0x0000022bda871066, EFLAGS=0x0000000000010202

Top of Stack: (sp=0x000000eb7bbfbff0)
0x000000eb7bbfbff0:   0000000000000000 0000022bbdcd9800
0x000000eb7bbfc000:   000000eb7bbfc190 0000022bda395390
0x000000eb7bbfc010:   0000022bda395390 0000000000000000
0x000000eb7bbfc020:   0000022bbdcd9800 0000000000000000
0x000000eb7bbfc030:   000000eb7bbfc158 00000000593af1eb
0x000000eb7bbfc040:   000000eb7bbfc070 0000022bbf6da6d3
0x000000eb7bbfc050:   0000022bbdca5db0 0000022bbdcdc7e0
0x000000eb7bbfc060:   0000022bbdcd9800 000000eb7bbfc190
0x000000eb7bbfc070:   0000022bda395390 0000000000000000
0x000000eb7bbfc080:   0000022bd6fcdf9c 0000000000000248
0x000000eb7bbfc090:   000000eb7bbfc158 0000022bda87248f
0x000000eb7bbfc0a0:   0000022bdabd0090 0000022bdabd0090
0x000000eb7bbfc0b0:   0000022b0000ac44 0000022b00000004
0x000000eb7bbfc0c0:   0000022bbf687bd0 0000022bbf699c8e
0x000000eb7bbfc0d0:   0000022bda395390 0000000000000248
0x000000eb7bbfc0e0:   0000022bbf687bd0 0000022bbf69999b 

Instructions: (pc=0x0000022bda871066)
0x0000022bda871046:   41 2b ec 81 3a 03 00 02 00 75 09 8b 01 89 84 24
0x0000022bda871056:   c8 00 00 00 49 83 c0 02 48 83 c1 08 4a 8d 14 86
0x0000022bda871066:   39 3a 75 af 4c 8d 84 24 c0 00 00 00 48 8d 15 d7
0x0000022bda871076:   2b 03 00 33 c9 e8 58 5f 00 00 b8 40 1f 00 00 4c 


Register to memory mapping:

RAX=0x0000000000000004 is an unknown value
RBX=0x0000022bdabd0090 is an unknown value
RCX=0x0000022bd6fce008 is an unknown value
RDX=0x0000022bd6fce004 is an unknown value
RSP=0x000000eb7bbfbff0 is pointing into the stack for thread: 0x0000022bbdcd9800
RBP=0x00000000000000ff is an unknown value
RSI=0x0000022bd6fcdf9c is an unknown value
RDI=0x0000000000000000 is an unknown value
R8 =0x000000000000001a is an unknown value
R9 =0x0000022bd6fcdf9c is an unknown value
R10=0x0000022bbf699c62 is at code_begin+962 in an Interpreter codelet
method entry point (kind = native)  [0x0000022bbf6998a0, 0x0000022bbf69a340]  2720 bytes
R11=0x0000000059518ee0 is an unknown value
R12=0x0000000000000001 is an unknown value
R13={method} {0x0000022bda395398} 'nalcCreateContext' '(JJ)J' in 'org/lwjgl/openal/ALC10'
R14=0x000000eb7bbfc190 is pointing into the stack for thread: 0x0000022bbdcd9800
R15=0x0000022bbdcd9800 is a thread


Stack: [0x000000eb7bb00000,0x000000eb7bc00000],  sp=0x000000eb7bbfbff0,  free space=1007k
Native frames: (J=compiled Java code, j=interpreted, Vv=VM code, C=native code)
C  [OpenAL64.dll+0x11066]
C  [OpenAL64.dll+0x1248f]
C  0x0000022bbf699c8e

Java frames: (J=compiled Java code, j=interpreted, Vv=VM code)
j  org.lwjgl.openal.ALC10.nalcCreateContext(JJ)J+0
j  org.lwjgl.openal.ALC10.alcCreateContext(Lorg/lwjgl/openal/ALCdevice;Ljava/nio/IntBuffer;)Lorg/lwjgl/openal/ALCcontext;+8
j  org.lwjgl.openal.AL.init(Ljava/lang/String;IIZZ)V+69
j  org.lwjgl.openal.AL.create(Ljava/lang/String;IIZZ)V+246
j  org.lwjgl.openal.AL.create(Ljava/lang/String;IIZ)V+5
j  org.lwjgl.openal.AL.create()V+6
j  com.badlogic.gdx.backends.lwjgl.audio.OpenALAudio.<init>(III)V+114
j  com.badlogic.gdx.backends.lwjgl.LwjglApplication.<init>(Lcom/badlogic/gdx/ApplicationListener;Lcom/badlogic/gdx/backends/lwjgl/LwjglApplicationConfiguration;Lcom/badlogic/gdx/backends/lwjgl/LwjglGraphics;)V+120
j  com.badlogic.gdx.backends.lwjgl.LwjglApplication.<init>(Lcom/badlogic/gdx/ApplicationListener;Lcom/badlogic/gdx/backends/lwjgl/LwjglApplicationConfiguration;)V+11
j  org.uqbar.project.wollok.game.gameboard.WollokGDXApplication.<init>(Lorg/uqbar/project/wollok/game/gameboard/Gameboard;Ljava/lang/Boolean;)V+17
j  org.uqbar.project.wollok.game.helpers.Application.start(Lorg/uqbar/project/wollok/game/gameboard/Gameboard;Ljava/lang/Boolean;)V+5
j  org.uqbar.project.wollok.game.gameboard.Gameboard.start(Ljava/lang/Boolean;)V+13
j  wollok.game.GameObject.doStart(Ljava/lang/Boolean;)V+12
v  ~StubRoutines::call_stub
j  sun.reflect.NativeMethodAccessorImpl.invoke0(Ljava/lang/reflect/Method;Ljava/lang/Object;[Ljava/lang/Object;)Ljava/lang/Object;+0
j  sun.reflect.NativeMethodAccessorImpl.invoke(Ljava/lang/Object;[Ljava/lang/Object;)Ljava/lang/Object;+100
J 2608 C1 sun.reflect.DelegatingMethodAccessorImpl.invoke(Ljava/lang/Object;[Ljava/lang/Object;)Ljava/lang/Object; (10 bytes) @ 0x0000022bbfef01c4 [0x0000022bbfef00c0+0x104]
J 2607 C1 java.lang.reflect.Method.invoke(Ljava/lang/Object;[Ljava/lang/Object;)Ljava/lang/Object; (62 bytes) @ 0x0000022bbfeefbec [0x0000022bbfeef800+0x3ec]
j  org.uqbar.project.wollok.ui.utils.XTendUtilExtensions.invokeConvertingArgs(Ljava/lang/reflect/Method;Ljava/lang/Object;[Ljava/lang/Object;)Lorg/uqbar/project/wollok/interpreter/core/WollokObject;+261
j  org.uqbar.project.wollok.interpreter.AbstractWollokCallable._invokeNative(Ljava/lang/Object;Ljava/lang/String;[Lorg/uqbar/project/wollok/interpreter/core/WollokObject;)Lorg/uqbar/project/wollok/interpreter/core/WollokObject;+41
j  org.uqbar.project.wollok.interpreter.AbstractWollokCallable.invokeNative(Ljava/lang/Object;Ljava/lang/String;[Lorg/uqbar/project/wollok/interpreter/core/WollokObject;)Lorg/uqbar/project/wollok/interpreter/core/WollokObject;+26
j  org.uqbar.project.wollok.interpreter.AbstractWollokCallable$1.apply()Lorg/uqbar/project/wollok/interpreter/core/WollokObject;+55
j  org.uqbar.project.wollok.interpreter.AbstractWollokCallable$1.apply()Ljava/lang/Object;+1
j  org.uqbar.project.wollok.interpreter.threads.WThread.performOnStack(Lorg/eclipse/emf/ecore/EObject;Lorg/uqbar/project/wollok/interpreter/context/EvaluationContext;Lorg/eclipse/xtext/xbase/lib/Functions$Function0;)Lorg/uqbar/project/wollok/interpreter/core/WollokObject;+29
j  org.uqbar.project.wollok.interpreter.WollokInterpreter.performOnStack(Lorg/eclipse/emf/ecore/EObject;Lorg/uqbar/project/wollok/interpreter/context/EvaluationContext;Lorg/eclipse/xtext/xbase/lib/Functions$Function0;)Lorg/uqbar/project/wollok/interpreter/core/WollokObject;+7
j  org.uqbar.project.wollok.interpreter.AbstractWollokCallable.call(Lorg/uqbar/project/wollok/wollokDsl/WMethodDeclaration;[Lorg/uqbar/project/wollok/interpreter/core/WollokObject;)Lorg/uqbar/project/wollok/interpreter/core/WollokObject;+38
j  org.uqbar.project.wollok.interpreter.core.WollokObject.call(Ljava/lang/String;[Lorg/uqbar/project/wollok/interpreter/core/WollokObject;)Lorg/uqbar/project/wollok/interpreter/core/WollokObject;+55
j  org.uqbar.project.wollok.interpreter.WollokInterpreterEvaluator._evaluate(Lorg/uqbar/project/wollok/wollokDsl/WFeatureCall;)Lorg/uqbar/project/wollok/interpreter/core/WollokObject;+119
j  org.uqbar.project.wollok.launch.WollokLauncherInterpreterEvaluator.evaluate(Lorg/eclipse/emf/ecore/EObject;)Lorg/uqbar/project/wollok/interpreter/core/WollokObject;+412
j  org.uqbar.project.wollok.interpreter.WollokInterpreterEvaluator.evaluate(Lorg/eclipse/emf/ecore/EObject;)Ljava/lang/Object;+2
j  org.uqbar.project.wollok.interpreter.WollokInterpreter.eval(Lorg/eclipse/emf/ecore/EObject;)Lorg/uqbar/project/wollok/interpreter/core/WollokObject;+63
j  org.uqbar.project.wollok.interpreter.WollokInterpreterEvaluator.eval(Lorg/eclipse/emf/ecore/EObject;)Lorg/uqbar/project/wollok/interpreter/core/WollokObject;+5
j  org.uqbar.project.wollok.interpreter.WollokInterpreterEvaluator$1.apply(Lorg/uqbar/project/wollok/interpreter/core/WollokObject;Lorg/eclipse/emf/ecore/EObject;)Lorg/uqbar/project/wollok/interpreter/core/WollokObject;+5
j  org.uqbar.project.wollok.interpreter.WollokInterpreterEvaluator$1.apply(Ljava/lang/Object;Ljava/lang/Object;)Ljava/lang/Object;+9
j  org.eclipse.xtext.xbase.lib.IteratorExtensions.fold(Ljava/util/Iterator;Ljava/lang/Object;Lorg/eclipse/xtext/xbase/lib/Functions$Function2;)Ljava/lang/Object;+19
j  org.eclipse.xtext.xbase.lib.IterableExtensions.fold(Ljava/lang/Iterable;Ljava/lang/Object;Lorg/eclipse/xtext/xbase/lib/Functions$Function2;)Ljava/lang/Object;+8
j  org.uqbar.project.wollok.interpreter.WollokInterpreterEvaluator.evalAll(Ljava/lang/Iterable;)Lorg/uqbar/project/wollok/interpreter/core/WollokObject;+12
j  org.uqbar.project.wollok.interpreter.WollokInterpreterEvaluator._evaluate(Lorg/uqbar/project/wollok/wollokDsl/WBlockExpression;)Lorg/uqbar/project/wollok/interpreter/core/WollokObject;+34
j  org.uqbar.project.wollok.launch.WollokLauncherInterpreterEvaluator.evaluate(Lorg/eclipse/emf/ecore/EObject;)Lorg/uqbar/project/wollok/interpreter/core/WollokObject;+76
j  org.uqbar.project.wollok.interpreter.WollokInterpreterEvaluator.evaluate(Lorg/eclipse/emf/ecore/EObject;)Ljava/lang/Object;+2
j  org.uqbar.project.wollok.interpreter.WollokInterpreter.eval(Lorg/eclipse/emf/ecore/EObject;)Lorg/uqbar/project/wollok/interpreter/core/WollokObject;+63
j  org.uqbar.project.wollok.interpreter.AbstractWollokCallable.eval(Lorg/eclipse/emf/ecore/EObject;)Lorg/uqbar/project/wollok/interpreter/core/WollokObject;+5
j  org.uqbar.project.wollok.interpreter.AbstractWollokCallable$1.apply()Lorg/uqbar/project/wollok/interpreter/core/WollokObject;+110
j  org.uqbar.project.wollok.interpreter.AbstractWollokCallable$1.apply()Ljava/lang/Object;+1
j  org.uqbar.project.wollok.interpreter.threads.WThread.performOnStack(Lorg/eclipse/emf/ecore/EObject;Lorg/uqbar/project/wollok/interpreter/context/EvaluationContext;Lorg/eclipse/xtext/xbase/lib/Functions$Function0;)Lorg/uqbar/project/wollok/interpreter/core/WollokObject;+29
j  org.uqbar.project.wollok.interpreter.WollokInterpreter.performOnStack(Lorg/eclipse/emf/ecore/EObject;Lorg/uqbar/project/wollok/interpreter/context/EvaluationContext;Lorg/eclipse/xtext/xbase/lib/Functions$Function0;)Lorg/uqbar/project/wollok/interpreter/core/WollokObject;+7
j  org.uqbar.project.wollok.interpreter.AbstractWollokCallable.call(Lorg/uqbar/project/wollok/wollokDsl/WMethodDeclaration;[Lorg/uqbar/project/wollok/interpreter/core/WollokObject;)Lorg/uqbar/project/wollok/interpreter/core/WollokObject;+38
j  org.uqbar.project.wollok.interpreter.core.WollokObject.call(Ljava/lang/String;[Lorg/uqbar/project/wollok/interpreter/core/WollokObject;)Lorg/uqbar/project/wollok/interpreter/core/WollokObject;+55
j  org.uqbar.project.wollok.interpreter.WollokInterpreterEvaluator._evaluate(Lorg/uqbar/project/wollok/wollokDsl/WFeatureCall;)Lorg/uqbar/project/wollok/interpreter/core/WollokObject;+119
j  org.uqbar.project.wollok.launch.WollokLauncherInterpreterEvaluator.evaluate(Lorg/eclipse/emf/ecore/EObject;)Lorg/uqbar/project/wollok/interpreter/core/WollokObject;+412
j  org.uqbar.project.wollok.interpreter.WollokInterpreterEvaluator.evaluate(Lorg/eclipse/emf/ecore/EObject;)Ljava/lang/Object;+2
j  org.uqbar.project.wollok.interpreter.WollokInterpreter.eval(Lorg/eclipse/emf/ecore/EObject;)Lorg/uqbar/project/wollok/interpreter/core/WollokObject;+63
j  org.uqbar.project.wollok.interpreter.WollokInterpreterEvaluator.eval(Lorg/eclipse/emf/ecore/EObject;)Lorg/uqbar/project/wollok/interpreter/core/WollokObject;+5
j  org.uqbar.project.wollok.interpreter.WollokInterpreterEvaluator$1.apply(Lorg/uqbar/project/wollok/interpreter/core/WollokObject;Lorg/eclipse/emf/ecore/EObject;)Lorg/uqbar/project/wollok/interpreter/core/WollokObject;+5
j  org.uqbar.project.wollok.interpreter.WollokInterpreterEvaluator$1.apply(Ljava/lang/Object;Ljava/lang/Object;)Ljava/lang/Object;+9
j  org.eclipse.xtext.xbase.lib.IteratorExtensions.fold(Ljava/util/Iterator;Ljava/lang/Object;Lorg/eclipse/xtext/xbase/lib/Functions$Function2;)Ljava/lang/Object;+19
j  org.eclipse.xtext.xbase.lib.IterableExtensions.fold(Ljava/lang/Iterable;Ljava/lang/Object;Lorg/eclipse/xtext/xbase/lib/Functions$Function2;)Ljava/lang/Object;+8
j  org.uqbar.project.wollok.interpreter.WollokInterpreterEvaluator.evalAll(Ljava/lang/Iterable;)Lorg/uqbar/project/wollok/interpreter/core/WollokObject;+12
j  org.uqbar.project.wollok.interpreter.WollokInterpreterEvaluator._evaluate(Lorg/uqbar/project/wollok/wollokDsl/WBlockExpression;)Lorg/uqbar/project/wollok/interpreter/core/WollokObject;+34
j  org.uqbar.project.wollok.launch.WollokLauncherInterpreterEvaluator.evaluate(Lorg/eclipse/emf/ecore/EObject;)Lorg/uqbar/project/wollok/interpreter/core/WollokObject;+76
j  org.uqbar.project.wollok.interpreter.WollokInterpreterEvaluator.evaluate(Lorg/eclipse/emf/ecore/EObject;)Ljava/lang/Object;+2
j  org.uqbar.project.wollok.interpreter.WollokInterpreter.eval(Lorg/eclipse/emf/ecore/EObject;)Lorg/uqbar/project/wollok/interpreter/core/WollokObject;+63
j  org.uqbar.project.wollok.interpreter.AbstractWollokCallable.eval(Lorg/eclipse/emf/ecore/EObject;)Lorg/uqbar/project/wollok/interpreter/core/WollokObject;+5
j  org.uqbar.project.wollok.interpreter.AbstractWollokCallable$1.apply()Lorg/uqbar/project/wollok/interpreter/core/WollokObject;+110
j  org.uqbar.project.wollok.interpreter.AbstractWollokCallable$1.apply()Ljava/lang/Object;+1
j  org.uqbar.project.wollok.interpreter.threads.WThread.performOnStack(Lorg/eclipse/emf/ecore/EObject;Lorg/uqbar/project/wollok/interpreter/context/EvaluationContext;Lorg/eclipse/xtext/xbase/lib/Functions$Function0;)Lorg/uqbar/project/wollok/interpreter/core/WollokObject;+29
j  org.uqbar.project.wollok.interpreter.WollokInterpreter.performOnStack(Lorg/eclipse/emf/ecore/EObject;Lorg/uqbar/project/wollok/interpreter/context/EvaluationContext;Lorg/eclipse/xtext/xbase/lib/Functions$Function0;)Lorg/uqbar/project/wollok/interpreter/core/WollokObject;+7
j  org.uqbar.project.wollok.interpreter.AbstractWollokCallable.call(Lorg/uqbar/project/wollok/wollokDsl/WMethodDeclaration;[Lorg/uqbar/project/wollok/interpreter/core/WollokObject;)Lorg/uqbar/project/wollok/interpreter/core/WollokObject;+38
j  org.uqbar.project.wollok.interpreter.core.WollokObject.call(Ljava/lang/String;[Lorg/uqbar/project/wollok/interpreter/core/WollokObject;)Lorg/uqbar/project/wollok/interpreter/core/WollokObject;+55
j  org.uqbar.project.wollok.interpreter.WollokInterpreterEvaluator._evaluate(Lorg/uqbar/project/wollok/wollokDsl/WFeatureCall;)Lorg/uqbar/project/wollok/interpreter/core/WollokObject;+119
j  org.uqbar.project.wollok.launch.WollokLauncherInterpreterEvaluator.evaluate(Lorg/eclipse/emf/ecore/EObject;)Lorg/uqbar/project/wollok/interpreter/core/WollokObject;+412
j  org.uqbar.project.wollok.interpreter.WollokInterpreterEvaluator.evaluate(Lorg/eclipse/emf/ecore/EObject;)Ljava/lang/Object;+2
j  org.uqbar.project.wollok.interpreter.WollokInterpreter.eval(Lorg/eclipse/emf/ecore/EObject;)Lorg/uqbar/project/wollok/interpreter/core/WollokObject;+63
j  org.uqbar.project.wollok.interpreter.WollokInterpreterEvaluator.eval(Lorg/eclipse/emf/ecore/EObject;)Lorg/uqbar/project/wollok/interpreter/core/WollokObject;+5
j  org.uqbar.project.wollok.interpreter.WollokInterpreterEvaluator$1.apply(Lorg/uqbar/project/wollok/interpreter/core/WollokObject;Lorg/eclipse/emf/ecore/EObject;)Lorg/uqbar/project/wollok/interpreter/core/WollokObject;+5
j  org.uqbar.project.wollok.interpreter.WollokInterpreterEvaluator$1.apply(Ljava/lang/Object;Ljava/lang/Object;)Ljava/lang/Object;+9
j  org.eclipse.xtext.xbase.lib.IteratorExtensions.fold(Ljava/util/Iterator;Ljava/lang/Object;Lorg/eclipse/xtext/xbase/lib/Functions$Function2;)Ljava/lang/Object;+19
j  org.eclipse.xtext.xbase.lib.IterableExtensions.fold(Ljava/lang/Iterable;Ljava/lang/Object;Lorg/eclipse/xtext/xbase/lib/Functions$Function2;)Ljava/lang/Object;+8
j  org.uqbar.project.wollok.interpreter.WollokInterpreterEvaluator.evalAll(Ljava/lang/Iterable;)Lorg/uqbar/project/wollok/interpreter/core/WollokObject;+12
j  org.uqbar.project.wollok.interpreter.WollokInterpreterEvaluator._evaluate(Lorg/uqbar/project/wollok/wollokDsl/WProgram;)Lorg/uqbar/project/wollok/interpreter/core/WollokObject;+18
j  org.uqbar.project.wollok.launch.WollokLauncherInterpreterEvaluator.evaluate(Lorg/eclipse/emf/ecore/EObject;)Lorg/uqbar/project/wollok/interpreter/core/WollokObject;+444
j  org.uqbar.project.wollok.interpreter.WollokInterpreterEvaluator.evaluate(Lorg/eclipse/emf/ecore/EObject;)Ljava/lang/Object;+2
j  org.uqbar.project.wollok.interpreter.WollokInterpreter.eval(Lorg/eclipse/emf/ecore/EObject;)Lorg/uqbar/project/wollok/interpreter/core/WollokObject;+63
j  org.uqbar.project.wollok.interpreter.WollokInterpreterEvaluator.eval(Lorg/eclipse/emf/ecore/EObject;)Lorg/uqbar/project/wollok/interpreter/core/WollokObject;+5
j  org.uqbar.project.wollok.launch.WollokLauncherInterpreterEvaluator._evaluate(Lorg/uqbar/project/wollok/wollokDsl/WFile;)Lorg/uqbar/project/wollok/interpreter/core/WollokObject;+32
j  org.uqbar.project.wollok.launch.WollokLauncherInterpreterEvaluator.evaluate(Lorg/eclipse/emf/ecore/EObject;)Lorg/uqbar/project/wollok/interpreter/core/WollokObject;+428
j  org.uqbar.project.wollok.interpreter.WollokInterpreterEvaluator.evaluate(Lorg/eclipse/emf/ecore/EObject;)Ljava/lang/Object;+2
j  org.uqbar.project.wollok.interpreter.WollokInterpreter.interpret(Lorg/eclipse/emf/ecore/EObject;Ljava/lang/Boolean;)Lorg/uqbar/project/wollok/interpreter/core/WollokObject;+25
j  org.uqbar.project.wollok.interpreter.WollokInterpreter.interpret(Lorg/eclipse/emf/ecore/EObject;)Lorg/uqbar/project/wollok/interpreter/core/WollokObject;+8
j  org.uqbar.project.wollok.launch.WollokLauncher.doSomething(Lorg/uqbar/project/wollok/wollokDsl/WFile;Lcom/google/inject/Injector;Ljava/io/File;Lorg/uqbar/project/wollok/launch/WollokLauncherParameters;)V+109
j  org.uqbar.project.wollok.launch.WollokChecker.launch(Ljava/lang/String;Lorg/uqbar/project/wollok/launch/WollokLauncherParameters;)V+31
j  org.uqbar.project.wollok.launch.WollokChecker.doMain([Ljava/lang/String;)V+205
j  org.uqbar.project.wollok.launch.WollokLauncher.main([Ljava/lang/String;)V+8
v  ~StubRoutines::call_stub

---------------  P R O C E S S  ---------------

Java Threads: ( => current thread )
  0x0000022bd699f000 JavaThread "com.google.inject.internal.util.$Finalizer" daemon [_thread_blocked, id=17592, stack(0x000000eb7d000000,0x000000eb7d100000)]
  0x0000022bd657c800 JavaThread "EMF Reference Cleaner" daemon [_thread_blocked, id=18864, stack(0x000000eb7cf00000,0x000000eb7d000000)]
  0x0000022bd5c60000 JavaThread "Service Thread" daemon [_thread_blocked, id=16900, stack(0x000000eb7cd00000,0x000000eb7ce00000)]
  0x0000022bd3ddb000 JavaThread "C1 CompilerThread3" daemon [_thread_blocked, id=21516, stack(0x000000eb7cc00000,0x000000eb7cd00000)]
  0x0000022bd3dd2000 JavaThread "C2 CompilerThread2" daemon [_thread_blocked, id=16344, stack(0x000000eb7cb00000,0x000000eb7cc00000)]
  0x0000022bd3dcc000 JavaThread "C2 CompilerThread1" daemon [_thread_blocked, id=18404, stack(0x000000eb7ca00000,0x000000eb7cb00000)]
  0x0000022bd3dc8800 JavaThread "C2 CompilerThread0" daemon [_thread_blocked, id=16988, stack(0x000000eb7c900000,0x000000eb7ca00000)]
  0x0000022bd3dbe800 JavaThread "Attach Listener" daemon [_thread_blocked, id=10932, stack(0x000000eb7c800000,0x000000eb7c900000)]
  0x0000022bd3dbe000 JavaThread "Signal Dispatcher" daemon [_thread_blocked, id=22352, stack(0x000000eb7c700000,0x000000eb7c800000)]
  0x0000022bd3d99800 JavaThread "Finalizer" daemon [_thread_blocked, id=15876, stack(0x000000eb7c600000,0x000000eb7c700000)]
  0x0000022bd3d8a800 JavaThread "Reference Handler" daemon [_thread_blocked, id=11428, stack(0x000000eb7c500000,0x000000eb7c600000)]
=>0x0000022bbdcd9800 JavaThread "main" [_thread_in_native, id=8688, stack(0x000000eb7bb00000,0x000000eb7bc00000)]

Other Threads:
  0x0000022bd3d60000 VMThread [stack: 0x000000eb7c400000,0x000000eb7c500000] [id=4964]
  0x0000022bd5c63000 WatcherThread [stack: 0x000000eb7ce00000,0x000000eb7cf00000] [id=21820]

VM state:not at safepoint (normal execution)

VM Mutex/Monitor currently owned by a thread: None

heap address: 0x0000000083800000, size: 1992 MB, Compressed Oops mode: 32-bit
Narrow klass base: 0x0000000000000000, Narrow klass shift: 3
Compressed class space size: 1073741824 Address: 0x0000000100000000

Heap:
 PSYoungGen      total 126464K, used 110591K [0x00000000d6800000, 0x00000000e1c00000, 0x0000000100000000)
  eden space 112128K, 85% used [0x00000000d6800000,0x00000000dc6003a0,0x00000000dd580000)
  from space 14336K, 99% used [0x00000000df600000,0x00000000e03ff8f8,0x00000000e0400000)
  to   space 33280K, 0% used [0x00000000dd580000,0x00000000dd580000,0x00000000df600000)
 ParOldGen       total 81408K, used 51154K [0x0000000083800000, 0x0000000088780000, 0x00000000d6800000)
  object space 81408K, 62% used [0x0000000083800000,0x00000000869f4a18,0x0000000088780000)
 Metaspace       used 21748K, capacity 22028K, committed 22400K, reserved 1069056K
  class space    used 2750K, capacity 2854K, committed 2944K, reserved 1048576K

Card table byte_map: [0x0000022bcea40000,0x0000022bcee30000] byte_map_base: 0x0000022bce624000

Marking Bits: (ParMarkBitMap*) 0x0000000059aef810
 Begin Bits: [0x0000022bcf0d0000, 0x0000022bd0ff0000)
 End Bits:   [0x0000022bd0ff0000, 0x0000022bd2f10000)

Polling page: 0x0000022bbe030000

CodeCache: size=245760Kb used=10130Kb max_used=10130Kb free=235629Kb
 bounds [0x0000022bbf680000, 0x0000022bc0070000, 0x0000022bce680000]
 total_blobs=3570 nmethods=3114 adapters=365
 compilation: enabled

Compilation events (10 events):
Event: 2.003 Thread 0x0000022bd3ddb000 3109       3       java.io.FileInputStream::read (9 bytes)
Event: 2.003 Thread 0x0000022bd3ddb000 nmethod 3109 0x0000022bc006a790 code [0x0000022bc006a900, 0x0000022bc006aa90]
Event: 2.009 Thread 0x0000022bd3ddb000 3110       3       java.nio.DirectByteBuffer::put (18 bytes)
Event: 2.009 Thread 0x0000022bd3ddb000 nmethod 3110 0x0000022bc006b110 code [0x0000022bc006b280, 0x0000022bc006b4f8]
Event: 2.009 Thread 0x0000022bd3ddb000 3111       3       java.nio.DirectByteBuffer::ix (10 bytes)
Event: 2.009 Thread 0x0000022bd3ddb000 nmethod 3111 0x0000022bc006b610 code [0x0000022bc006b760, 0x0000022bc006b8b8]
Event: 2.010 Thread 0x0000022bd3ddb000 3113       3       java.nio.DirectByteBuffer::put (18 bytes)
Event: 2.010 Thread 0x0000022bd3ddb000 nmethod 3113 0x0000022bc006b950 code [0x0000022bc006bac0, 0x0000022bc006bd38]
Event: 2.010 Thread 0x0000022bd3ddb000 3114       1       java.nio.DirectByteBuffer::ix (10 bytes)
Event: 2.010 Thread 0x0000022bd3ddb000 nmethod 3114 0x0000022bc006be50 code [0x0000022bc006bfa0, 0x0000022bc006c0b8]

GC Heap History (10 events):
Event: 0.779 GC heap before
{Heap before GC invocations=3 (full 0):
 PSYoungGen      total 37888K, used 37874K [0x00000000d6800000, 0x00000000db200000, 0x0000000100000000)
  eden space 32768K, 100% used [0x00000000d6800000,0x00000000d8800000,0x00000000d8800000)
  from space 5120K, 99% used [0x00000000d8d00000,0x00000000d91fc810,0x00000000d9200000)
  to   space 5120K, 0% used [0x00000000d8800000,0x00000000d8800000,0x00000000d8d00000)
 ParOldGen       total 86016K, used 8066K [0x0000000083800000, 0x0000000088c00000, 0x00000000d6800000)
  object space 86016K, 9% used [0x0000000083800000,0x0000000083fe0aa8,0x0000000088c00000)
 Metaspace       used 13540K, capacity 13728K, committed 14080K, reserved 1060864K
  class space    used 1671K, capacity 1738K, committed 1792K, reserved 1048576K
Event: 0.784 GC heap after
Heap after GC invocations=3 (full 0):
 PSYoungGen      total 37888K, used 5105K [0x00000000d6800000, 0x00000000db200000, 0x0000000100000000)
  eden space 32768K, 0% used [0x00000000d6800000,0x00000000d6800000,0x00000000d8800000)
  from space 5120K, 99% used [0x00000000d8800000,0x00000000d8cfc6e0,0x00000000d8d00000)
  to   space 5120K, 0% used [0x00000000dad00000,0x00000000dad00000,0x00000000db200000)
 ParOldGen       total 86016K, used 12972K [0x0000000083800000, 0x0000000088c00000, 0x00000000d6800000)
  object space 86016K, 15% used [0x0000000083800000,0x00000000844ab2a0,0x0000000088c00000)
 Metaspace       used 13540K, capacity 13728K, committed 14080K, reserved 1060864K
  class space    used 1671K, capacity 1738K, committed 1792K, reserved 1048576K
}
Event: 1.063 GC heap before
{Heap before GC invocations=4 (full 0):
 PSYoungGen      total 37888K, used 37873K [0x00000000d6800000, 0x00000000db200000, 0x0000000100000000)
  eden space 32768K, 100% used [0x00000000d6800000,0x00000000d8800000,0x00000000d8800000)
  from space 5120K, 99% used [0x00000000d8800000,0x00000000d8cfc6e0,0x00000000d8d00000)
  to   space 5120K, 0% used [0x00000000dad00000,0x00000000dad00000,0x00000000db200000)
 ParOldGen       total 86016K, used 12972K [0x0000000083800000, 0x0000000088c00000, 0x00000000d6800000)
  object space 86016K, 15% used [0x0000000083800000,0x00000000844ab2a0,0x0000000088c00000)
 Metaspace       used 17476K, capacity 17686K, committed 18048K, reserved 1064960K
  class space    used 2226K, capacity 2323K, committed 2432K, reserved 1048576K
Event: 1.068 GC heap after
Heap after GC invocations=4 (full 0):
 PSYoungGen      total 70656K, used 5101K [0x00000000d6800000, 0x00000000db200000, 0x0000000100000000)
  eden space 65536K, 0% used [0x00000000d6800000,0x00000000d6800000,0x00000000da800000)
  from space 5120K, 99% used [0x00000000dad00000,0x00000000db1fb480,0x00000000db200000)
  to   space 5120K, 0% used [0x00000000da800000,0x00000000da800000,0x00000000dad00000)
 ParOldGen       total 86016K, used 20056K [0x0000000083800000, 0x0000000088c00000, 0x00000000d6800000)
  object space 86016K, 23% used [0x0000000083800000,0x0000000084b96170,0x0000000088c00000)
 Metaspace       used 17476K, capacity 17686K, committed 18048K, reserved 1064960K
  class space    used 2226K, capacity 2323K, committed 2432K, reserved 1048576K
}
Event: 1.540 GC heap before
{Heap before GC invocations=5 (full 0):
 PSYoungGen      total 70656K, used 42805K [0x00000000d6800000, 0x00000000db200000, 0x0000000100000000)
  eden space 65536K, 57% used [0x00000000d6800000,0x00000000d8cd2080,0x00000000da800000)
  from space 5120K, 99% used [0x00000000dad00000,0x00000000db1fb480,0x00000000db200000)
  to   space 5120K, 0% used [0x00000000da800000,0x00000000da800000,0x00000000dad00000)
 ParOldGen       total 86016K, used 20056K [0x0000000083800000, 0x0000000088c00000, 0x00000000d6800000)
  object space 86016K, 23% used [0x0000000083800000,0x0000000084b96170,0x0000000088c00000)
 Metaspace       used 20807K, capacity 21068K, committed 21248K, reserved 1067008K
  class space    used 2639K, capacity 2726K, committed 2816K, reserved 1048576K
Event: 1.547 GC heap after
Heap after GC invocations=5 (full 0):
 PSYoungGen      total 70656K, used 5101K [0x00000000d6800000, 0x00000000e0400000, 0x0000000100000000)
  eden space 65536K, 0% used [0x00000000d6800000,0x00000000d6800000,0x00000000da800000)
  from space 5120K, 99% used [0x00000000da800000,0x00000000dacfb480,0x00000000dad00000)
  to   space 14336K, 0% used [0x00000000df600000,0x00000000df600000,0x00000000e0400000)
 ParOldGen       total 86016K, used 25436K [0x0000000083800000, 0x0000000088c00000, 0x00000000d6800000)
  object space 86016K, 29% used [0x0000000083800000,0x00000000850d72f0,0x0000000088c00000)
 Metaspace       used 20807K, capacity 21068K, committed 21248K, reserved 1067008K
  class space    used 2639K, capacity 2726K, committed 2816K, reserved 1048576K
}
Event: 1.547 GC heap before
{Heap before GC invocations=6 (full 1):
 PSYoungGen      total 70656K, used 5101K [0x00000000d6800000, 0x00000000e0400000, 0x0000000100000000)
  eden space 65536K, 0% used [0x00000000d6800000,0x00000000d6800000,0x00000000da800000)
  from space 5120K, 99% used [0x00000000da800000,0x00000000dacfb480,0x00000000dad00000)
  to   space 14336K, 0% used [0x00000000df600000,0x00000000df600000,0x00000000e0400000)
 ParOldGen       total 86016K, used 25436K [0x0000000083800000, 0x0000000088c00000, 0x00000000d6800000)
  object space 86016K, 29% used [0x0000000083800000,0x00000000850d72f0,0x0000000088c00000)
 Metaspace       used 20807K, capacity 21068K, committed 21248K, reserved 1067008K
  class space    used 2639K, capacity 2726K, committed 2816K, reserved 1048576K
Event: 1.585 GC heap after
Heap after GC invocations=6 (full 1):
 PSYoungGen      total 70656K, used 0K [0x00000000d6800000, 0x00000000e0400000, 0x0000000100000000)
  eden space 65536K, 0% used [0x00000000d6800000,0x00000000d6800000,0x00000000da800000)
  from space 5120K, 0% used [0x00000000da800000,0x00000000da800000,0x00000000dad00000)
  to   space 14336K, 0% used [0x00000000df600000,0x00000000df600000,0x00000000e0400000)
 ParOldGen       total 81408K, used 20506K [0x0000000083800000, 0x0000000088780000, 0x00000000d6800000)
  object space 81408K, 25% used [0x0000000083800000,0x0000000084c06a18,0x0000000088780000)
 Metaspace       used 20807K, capacity 21068K, committed 21248K, reserved 1067008K
  class space    used 2639K, capacity 2726K, committed 2816K, reserved 1048576K
}
Event: 1.629 GC heap before
{Heap before GC invocations=7 (full 1):
 PSYoungGen      total 70656K, used 65536K [0x00000000d6800000, 0x00000000e0400000, 0x0000000100000000)
  eden space 65536K, 100% used [0x00000000d6800000,0x00000000da800000,0x00000000da800000)
  from space 5120K, 0% used [0x00000000da800000,0x00000000da800000,0x00000000dad00000)
  to   space 14336K, 0% used [0x00000000df600000,0x00000000df600000,0x00000000e0400000)
 ParOldGen       total 81408K, used 20506K [0x0000000083800000, 0x0000000088780000, 0x00000000d6800000)
  object space 81408K, 25% used [0x0000000083800000,0x0000000084c06a18,0x0000000088780000)
 Metaspace       used 20832K, capacity 21132K, committed 21504K, reserved 1069056K
  class space    used 2647K, capacity 2726K, committed 2816K, reserved 1048576K
Event: 1.668 GC heap after
Heap after GC invocations=7 (full 1):
 PSYoungGen      total 126464K, used 14334K [0x00000000d6800000, 0x00000000e1c00000, 0x0000000100000000)
  eden space 112128K, 0% used [0x00000000d6800000,0x00000000d6800000,0x00000000dd580000)
  from space 14336K, 99% used [0x00000000df600000,0x00000000e03ff8f8,0x00000000e0400000)
  to   space 33280K, 0% used [0x00000000dd580000,0x00000000dd580000,0x00000000df600000)
 ParOldGen       total 81408K, used 51154K [0x0000000083800000, 0x0000000088780000, 0x00000000d6800000)
  object space 81408K, 62% used [0x0000000083800000,0x00000000869f4a18,0x0000000088780000)
 Metaspace       used 20832K, capacity 21132K, committed 21504K, reserved 1069056K
  class space    used 2647K, capacity 2726K, committed 2816K, reserved 1048576K
}

Deoptimization events (10 events):
Event: 1.319 Thread 0x0000022bbdcd9800 Uncommon trap: reason=class_check action=maybe_recompile pc=0x0000022bbfd47ae8 method=org.eclipse.xtext.nodemodel.impl.NodeModelBuilder.addChild(Lorg/eclipse/xtext/nodemodel/ICompositeNode;Lorg/eclipse/xtext/nodemodel/impl/AbstractNode;)V @ 6
Event: 1.319 Thread 0x0000022bbdcd9800 Uncommon trap: reason=unstable_if action=reinterpret pc=0x0000022bbfd9f870 method=java.util.HashMap.computeIfAbsent(Ljava/lang/Object;Ljava/util/function/Function;)Ljava/lang/Object; @ 44
Event: 1.329 Thread 0x0000022bbdcd9800 Uncommon trap: reason=class_check action=maybe_recompile pc=0x0000022bbfd47ae8 method=org.eclipse.xtext.nodemodel.impl.NodeModelBuilder.addChild(Lorg/eclipse/xtext/nodemodel/ICompositeNode;Lorg/eclipse/xtext/nodemodel/impl/AbstractNode;)V @ 6
Event: 1.331 Thread 0x0000022bbdcd9800 Uncommon trap: reason=unstable_if action=reinterpret pc=0x0000022bbfe6df98 method=sun.nio.cs.UTF_8$Decoder.decodeArrayLoop(Ljava/nio/ByteBuffer;Ljava/nio/CharBuffer;)Ljava/nio/charset/CoderResult; @ 84
Event: 1.331 Thread 0x0000022bbdcd9800 Uncommon trap: reason=unstable_if action=reinterpret pc=0x0000022bbfe2fb94 method=sun.nio.cs.UTF_8$Decoder.decodeArrayLoop(Ljava/nio/ByteBuffer;Ljava/nio/CharBuffer;)Ljava/nio/charset/CoderResult; @ 84
Event: 1.332 Thread 0x0000022bbdcd9800 Uncommon trap: reason=class_check action=maybe_recompile pc=0x0000022bbfd482fc method=org.eclipse.xtext.nodemodel.impl.NodeModelBuilder.addChild(Lorg/eclipse/xtext/nodemodel/ICompositeNode;Lorg/eclipse/xtext/nodemodel/impl/AbstractNode;)V @ 6
Event: 1.341 Thread 0x0000022bbdcd9800 Uncommon trap: reason=class_check action=maybe_recompile pc=0x0000022bbfd45e84 method=org.eclipse.xtext.nodemodel.impl.NodeModelBuilder.addChild(Lorg/eclipse/xtext/nodemodel/ICompositeNode;Lorg/eclipse/xtext/nodemodel/impl/AbstractNode;)V @ 6
Event: 1.407 Thread 0x0000022bbdcd9800 Uncommon trap: reason=unstable_if action=reinterpret pc=0x0000022bbfb6d4ec method=java.util.concurrent.ConcurrentHashMap.putVal(Ljava/lang/Object;Ljava/lang/Object;Z)Ljava/lang/Object; @ 181
Event: 1.726 Thread 0x0000022bbdcd9800 Uncommon trap: reason=unstable_if action=reinterpret pc=0x0000022bbf9d6f70 method=java.io.WinNTFileSystem.normalize(Ljava/lang/String;)Ljava/lang/String; @ 49
Event: 1.738 Thread 0x0000022bbdcd9800 Uncommon trap: reason=predicate action=maybe_recompile pc=0x0000022bbfacff14 method=java.lang.String.regionMatches(ZILjava/lang/String;II)Z @ 63

Classes redefined (0 events):
No events

Internal exceptions (10 events):
Event: 1.340 Thread 0x0000022bbdcd9800 Exception <a 'java/io/FileNotFoundException'> (0x00000000d79f2b30) thrown at [J:\jenkins\tmp\workspace\build\src\hotspot\src\share\vm\prims\jni.cpp, line 709]
Event: 1.341 Thread 0x0000022bbdcd9800 Exception <a 'java/io/FileNotFoundException'> (0x00000000d7a01440) thrown at [J:\jenkins\tmp\workspace\build\src\hotspot\src\share\vm\prims\jni.cpp, line 709]
Event: 1.343 Thread 0x0000022bbdcd9800 Exception <a 'java/io/FileNotFoundException'> (0x00000000d7a13450) thrown at [J:\jenkins\tmp\workspace\build\src\hotspot\src\share\vm\prims\jni.cpp, line 709]
Event: 1.373 Thread 0x0000022bbdcd9800 Exception <a 'java/io/FileNotFoundException'> (0x00000000d7cbd780) thrown at [J:\jenkins\tmp\workspace\build\src\hotspot\src\share\vm\prims\jni.cpp, line 709]
Event: 2.014 Thread 0x0000022bbdcd9800 Exception <a 'java/security/PrivilegedActionException'> (0x00000000dc4dfe00) thrown at [J:\jenkins\tmp\workspace\build\src\hotspot\src\share\vm\prims\jvm.cpp, line 1514]
Event: 2.014 Thread 0x0000022bbdcd9800 Exception <a 'java/security/PrivilegedActionException'> (0x00000000dc4e1330) thrown at [J:\jenkins\tmp\workspace\build\src\hotspot\src\share\vm\prims\jvm.cpp, line 1514]
Event: 2.014 Thread 0x0000022bbdcd9800 Exception <a 'java/security/PrivilegedActionException'> (0x00000000dc4e2760) thrown at [J:\jenkins\tmp\workspace\build\src\hotspot\src\share\vm\prims\jvm.cpp, line 1514]
Event: 2.014 Thread 0x0000022bbdcd9800 Exception <a 'java/security/PrivilegedActionException'> (0x00000000dc4e3e20) thrown at [J:\jenkins\tmp\workspace\build\src\hotspot\src\share\vm\prims\jvm.cpp, line 1514]
Event: 2.014 Thread 0x0000022bbdcd9800 Exception <a 'java/security/PrivilegedActionException'> (0x00000000dc4e5218) thrown at [J:\jenkins\tmp\workspace\build\src\hotspot\src\share\vm\prims\jvm.cpp, line 1514]
Event: 2.014 Thread 0x0000022bbdcd9800 Exception <a 'java/security/PrivilegedActionException'> (0x00000000dc4e65e0) thrown at [J:\jenkins\tmp\workspace\build\src\hotspot\src\share\vm\prims\jvm.cpp, line 1514]

Events (10 events):
Event: 2.031 loading class org/lwjgl/openal/ALCdevice
Event: 2.031 loading class org/lwjgl/openal/ALCdevice done
Event: 2.031 loading class org/lwjgl/openal/ALCcontext
Event: 2.031 loading class org/lwjgl/openal/ALCcontext done
Event: 2.031 loading class java/nio/DirectIntBufferU
Event: 2.032 loading class java/nio/DirectIntBufferU done
Event: 2.032 loading class org/lwjgl/openal/Util
Event: 2.032 loading class org/lwjgl/openal/Util done
Event: 2.032 loading class org/lwjgl/openal/OpenALException
Event: 2.032 loading class org/lwjgl/openal/OpenALException done


Dynamic libraries:
0x00007ff6165e0000 - 0x00007ff616626000 	C:\Program Files\Eclipse Adoptium\jdk-8.0.382.5-hotspot\bin\javaw.exe
0x00007ff899170000 - 0x00007ff899368000 	C:\windows\SYSTEM32\ntdll.dll
0x00007ff8971a0000 - 0x00007ff89725d000 	C:\windows\System32\KERNEL32.DLL
0x00007ff896be0000 - 0x00007ff896ed6000 	C:\windows\System32\KERNELBASE.dll
0x00007ff898920000 - 0x00007ff8989ce000 	C:\windows\System32\ADVAPI32.dll
0x00007ff897d60000 - 0x00007ff897dfe000 	C:\windows\System32\msvcrt.dll
0x00007ff898e50000 - 0x00007ff898eec000 	C:\windows\System32\sechost.dll
0x00007ff898fa0000 - 0x00007ff8990c6000 	C:\windows\System32\RPCRT4.dll
0x00007ff898c10000 - 0x00007ff898dae000 	C:\windows\System32\USER32.dll
0x00007ff896890000 - 0x00007ff8968b2000 	C:\windows\System32\win32u.dll
0x00007ff8990d0000 - 0x00007ff8990fc000 	C:\windows\System32\GDI32.dll
0x00007ff8968c0000 - 0x00007ff8969da000 	C:\windows\System32\gdi32full.dll
0x00007ff896b40000 - 0x00007ff896bdd000 	C:\windows\System32\msvcp_win.dll
0x00007ff896ee0000 - 0x00007ff896fe0000 	C:\windows\System32\ucrtbase.dll
0x00007ff8799a0000 - 0x00007ff879c3a000 	C:\windows\WinSxS\amd64_microsoft.windows.common-controls_6595b64144ccf1df_6.0.19041.1110_none_60b5254171f9507e\COMCTL32.dll
0x00007ff897670000 - 0x00007ff8976a0000 	C:\windows\System32\IMM32.DLL
0x00007ff87ef50000 - 0x00007ff87ef65000 	C:\Program Files\Eclipse Adoptium\jdk-8.0.382.5-hotspot\jre\bin\vcruntime140.dll
0x00007ff838f00000 - 0x00007ff838f9b000 	C:\Program Files\Eclipse Adoptium\jdk-8.0.382.5-hotspot\jre\bin\msvcp140.dll
0x0000000059310000 - 0x0000000059b68000 	C:\Program Files\Eclipse Adoptium\jdk-8.0.382.5-hotspot\jre\bin\server\jvm.dll
0x00007ff898db0000 - 0x00007ff898db8000 	C:\windows\System32\PSAPI.DLL
0x00007ff88c1b0000 - 0x00007ff88c1ba000 	C:\windows\SYSTEM32\VERSION.dll
0x00007ff877780000 - 0x00007ff8777a7000 	C:\windows\SYSTEM32\WINMM.dll
0x00007ff88ef40000 - 0x00007ff88ef49000 	C:\windows\SYSTEM32\WSOCK32.dll
0x00007ff897e10000 - 0x00007ff897e7b000 	C:\windows\System32\WS2_32.dll
0x00007ff894850000 - 0x00007ff894862000 	C:\windows\SYSTEM32\kernel.appcore.dll
0x00007ff88c5b0000 - 0x00007ff88c5c0000 	C:\Program Files\Eclipse Adoptium\jdk-8.0.382.5-hotspot\jre\bin\verify.dll
0x00007ff833bb0000 - 0x00007ff833bdb000 	C:\Program Files\Eclipse Adoptium\jdk-8.0.382.5-hotspot\jre\bin\java.dll
0x00007ff8502c0000 - 0x00007ff8502d8000 	C:\Program Files\Eclipse Adoptium\jdk-8.0.382.5-hotspot\jre\bin\zip.dll
0x00007ff897ee0000 - 0x00007ff898625000 	C:\windows\System32\SHELL32.dll
0x00007ff894870000 - 0x00007ff89500b000 	C:\windows\SYSTEM32\windows.storage.dll
0x00007ff897280000 - 0x00007ff8975d4000 	C:\windows\System32\combase.dll
0x00007ff896260000 - 0x00007ff89628e000 	C:\windows\SYSTEM32\Wldp.dll
0x00007ff898ef0000 - 0x00007ff898f9d000 	C:\windows\System32\SHCORE.dll
0x00007ff897770000 - 0x00007ff8977c5000 	C:\windows\System32\shlwapi.dll
0x00007ff896750000 - 0x00007ff896775000 	C:\windows\SYSTEM32\profapi.dll
0x0000000065580000 - 0x0000000065616000 	C:\Users\lucaz\AppData\Local\Temp\libgdxlucaz\12dfaa03\gdx64.dll
0x00007ff8961b0000 - 0x00007ff8961c8000 	C:\windows\SYSTEM32\CRYPTSP.dll
0x00007ff895820000 - 0x00007ff895854000 	C:\windows\system32\rsaenh.dll
0x00007ff896fe0000 - 0x00007ff897007000 	C:\windows\System32\bcrypt.dll
0x00007ff896710000 - 0x00007ff89673e000 	C:\windows\SYSTEM32\USERENV.dll
0x00007ff8970c0000 - 0x00007ff897142000 	C:\windows\System32\bcryptprimitives.dll
0x00007ff8961d0000 - 0x00007ff8961dc000 	C:\windows\SYSTEM32\CRYPTBASE.dll
0x00007ff8501d0000 - 0x00007ff8501ec000 	C:\Program Files\Eclipse Adoptium\jdk-8.0.382.5-hotspot\jre\bin\net.dll
0x00007ff895fa0000 - 0x00007ff89600a000 	C:\windows\system32\mswsock.dll
0x00007ff895c30000 - 0x00007ff895c6b000 	C:\windows\SYSTEM32\IPHLPAPI.DLL
0x00007ff897660000 - 0x00007ff897668000 	C:\windows\System32\NSI.dll
0x00007ff88cdd0000 - 0x00007ff88cde7000 	C:\windows\SYSTEM32\dhcpcsvc6.DLL
0x00007ff88c900000 - 0x00007ff88c91d000 	C:\windows\SYSTEM32\dhcpcsvc.DLL
0x00007ff895c70000 - 0x00007ff895d3a000 	C:\windows\SYSTEM32\DNSAPI.dll
0x00007ff84d020000 - 0x00007ff84d033000 	C:\Program Files\Eclipse Adoptium\jdk-8.0.382.5-hotspot\jre\bin\nio.dll
0x0000000180000000 - 0x0000000180053000 	C:\Users\lucaz\AppData\Local\Temp\libgdxlucaz\dc0f0009\lwjgl64.dll
0x00007ff858cb0000 - 0x00007ff858dd5000 	C:\windows\SYSTEM32\OPENGL32.dll
0x00007ff858c80000 - 0x00007ff858cac000 	C:\windows\SYSTEM32\GLU32.dll
0x0000022bda860000 - 0x0000022bda8c4000 	C:\Users\lucaz\AppData\Local\Temp\libgdxlucaz\dc0f0009\OpenAL64.dll
0x00007ff898a80000 - 0x00007ff898baa000 	C:\windows\System32\ole32.dll
0x00007ff890c40000 - 0x00007ff890cde000 	C:\windows\system32\uxtheme.dll
0x00007ff8989d0000 - 0x00007ff898a79000 	C:\windows\System32\clbcatq.dll
0x00007ff82f780000 - 0x00007ff82f81c000 	C:\windows\SYSTEM32\dsound.dll
0x00007ff870420000 - 0x00007ff870446000 	C:\windows\SYSTEM32\winmmbase.dll
0x00007ff895da0000 - 0x00007ff895deb000 	C:\windows\SYSTEM32\powrprof.dll
0x00007ff895c10000 - 0x00007ff895c22000 	C:\windows\SYSTEM32\UMPDC.dll
0x00007ff87aa20000 - 0x00007ff87aaa5000 	C:\windows\System32\MMDevApi.dll
0x00007ff8965b0000 - 0x00007ff8965e3000 	C:\windows\System32\DEVOBJ.dll
0x00007ff897150000 - 0x00007ff89719e000 	C:\windows\System32\cfgmgr32.dll
0x00007ff86ea20000 - 0x00007ff86eba2000 	C:\windows\SYSTEM32\AUDIOSES.DLL
0x00007ff8976a0000 - 0x00007ff89776d000 	C:\windows\System32\OLEAUT32.dll
0x00007ff8943e0000 - 0x00007ff8945c4000 	C:\windows\SYSTEM32\dbghelp.dll

VM Arguments:
jvm_args: -Duser.language=en_US -Dfile.encoding=UTF-8 
java_command: org.uqbar.project.wollok.launch.WollokLauncher -requestsPort 0 -eventsPort 0 -folder -dontValidate -wf src/juego.wpgm
java_class_path (initial): C:\Users\lucaz\github-classroom\pdep-lunes-tarde\OBJETOS\2023-objetos-tp-integrador-adler-objetos\bin;C:\wollok\wollok-win32.win32.x86_64\plugins\com.ibm.icu_64.2.0.v20190507-1337.jar;C:\wollok\wollok-win32.win32.x86_64\plugins\org.eclipse.xtext_2.20.0.v20191202-0915.jar;C:\wollok\wollok-win32.win32.x86_64\plugins\org.eclipse.emf.ecore.xmi_2.16.0.v20190528-0725.jar;C:\wollok\wollok-win32.win32.x86_64\plugins\org.eclipse.emf.ecore_2.20.0.v20190920-0401.jar;C:\wollok\wollok-win32.win32.x86_64\plugins\org.eclipse.emf.common_2.17.0.v20190920-0401.jar;C:\wollok\wollok-win32.win32.x86_64\plugins\org.antlr.runtime_3.2.0.v201101311130.jar;C:\wollok\wollok-win32.win32.x86_64\plugins\com.google.inject_3.0.0.v201605172100.jar;C:\wollok\wollok-win32.win32.x86_64\plugins\org.eclipse.emf.mwe.core_1.5.1.v20191121-1148.jar;C:\wollok\wollok-win32.win32.x86_64\plugins\org.apache.commons.cli_1.2.0.v201404270220.jar;C:\wollok\wollok-win32.win32.x86_64\plugins\org.eclipse.emf.mwe2.runtime_2.11.1.v20191121-1148.jar;C:\wollok\wollok-win32.win32.x86_64\plugins\org.eclipse.emf.mwe.utils_1.5.1.v20191121-1148.jar;C:\wollok\wollok-win32.win32.x86_64\plugins\org.eclipse.xtext.util_2.20.0.v20191202-0915.jar;C:\wollok\wollok-win32.win32.x86_64\plugins\com.google.guava_27.1.0.v20190517-1946.jar;C:\wollok\wollok-win32.win32.x86_64\plugins\javax.inject_1.0.0.v20091030.jar;C:\wollok\wollok-win32.win32.x86_64\plugins\org.eclipse.xtext.generator_2.20.0.v20191202-0933.jar;C:\wollok\wollok-win32.win32.x86_64\plugins\org.eclipse.xtext.xtext.generator_2.20.0.v20191202-0915.jar;C:\wollok\wollok-win32.win32.x86_64\plugins\org.eclipse.xtext.xbase.lib_2.20.0.v20191202-0907.jar;C:\wollok\wollok-win32.win32.x86_64\plugins\org.eclipse.emf.codegen.ecore_2.20.0.v20191012-0918.jar;C:\wollok\wollok-win32.win32.x86_64\plugins\org.eclipse.emf.codegen_2.19.0.v20190821-1536.jar;C:\wollok\wollok-win32.win32.x86_64\plugins\org.eclipse.xtend_2.2.0.v201605260315.jar;C:\wollok\wollok-win32.win32.x
Launcher Type: SUN_STANDARD

Environment Variables:
JAVA_HOME=C:\Program Files\Eclipse Adoptium\jdk-8.0.382.5-hotspot\
USERNAME=lucaz
OS=Windows_NT
PROCESSOR_IDENTIFIER=Intel64 Family 6 Model 165 Stepping 2, GenuineIntel



---------------  S Y S T E M  ---------------

OS: Windows 10 , 64 bit Build 19041 (10.0.19041.3393)

CPU:total 8 (initial active 8) (4 cores per cpu, 2 threads per core) family 6 model 165 stepping 2, cmov, cx8, fxsr, mmx, sse, sse2, sse3, ssse3, sse4.1, sse4.2, popcnt, avx, avx2, aes, clmul, erms, 3dnowpref, lzcnt, ht, tsc, tscinvbit, bmi1, bmi2, adx

Memory: 4k page, physical 8154872k(1890604k free), swap 19487120k(3486532k free)

vm_info: OpenJDK 64-Bit Server VM (25.382-b05) for windows-amd64 JRE (1.8.0_382-b05), built on Jul 19 2023 15:37:29 by "jenkins" with MS VC++ 15.9 (VS2017)

time: Tue Sep 19 03:34:38 2023
timezone: Argentina Standard Time
elapsed time: 2.056605 seconds (0d 0h 0m 2s)

