#
# A fatal error has been detected by the Java Runtime Environment:
#
#  EXCEPTION_ACCESS_VIOLATION (0xc0000005) at pc=0x00000288ff061066, pid=4836, tid=0x0000000000002384
#
# JRE version: OpenJDK Runtime Environment (8.0_382-b05) (build 1.8.0_382-b05)
# Java VM: OpenJDK 64-Bit Server VM (25.382-b05 mixed mode windows-amd64 compressed oops)
# Problematic frame:
# C  [OpenAL64.dll+0x11066]
#
# Failed to write core dump. Minidumps are not enabled by default on client versions of Windows
#
# If you would like to submit a bug report, please visit:
#   https://github.com/adoptium/adoptium-support/issues
# The crash happened outside the Java Virtual Machine in native code.
# See problematic frame for where to report the bug.
#

---------------  T H R E A D  ---------------

Current thread (0x00000288e1899800):  JavaThread "main" [_thread_in_native, id=9092, stack(0x0000009e32900000,0x0000009e32a00000)]

siginfo: ExceptionCode=0xc0000005, reading address 0x00000288fbfcc004

Registers:
RAX=0x0000000000000004, RBX=0x00000288ff310090, RCX=0x00000288fbfcc008, RDX=0x00000288fbfcc004
RSP=0x0000009e329fbb90, RBP=0x00000000000000ff, RSI=0x00000288fbfc1f4c, RDI=0x0000000000000000
R8 =0x000000000000282e, R9 =0x00000288fbfc1f4c, R10=0x00000288e32b9c62, R11=0x00000000517d8ee0
R12=0x0000000000000001, R13=0x00000288fdf83fc8, R14=0x0000009e329fbd30, R15=0x00000288e1899800
RIP=0x00000288ff061066, EFLAGS=0x0000000000010202

Top of Stack: (sp=0x0000009e329fbb90)
0x0000009e329fbb90:   0000000000000000 00000288e1899800
0x0000009e329fbba0:   0000009e329fbd30 00000288fdf83fc8
0x0000009e329fbbb0:   00000288fdf83fc8 0000000000000000
0x0000009e329fbbc0:   00000288e1899800 0000000000000000
0x0000009e329fbbd0:   0000009e329fbcf8 000000005166f1eb
0x0000009e329fbbe0:   0000009e329fbc10 00000288e32fa6d3
0x0000009e329fbbf0:   00000288e1865fd0 00000288e189c7e0
0x0000009e329fbc00:   00000288e1899800 0000009e329fbd30
0x0000009e329fbc10:   00000288fdf83fc8 0000000000000000
0x0000009e329fbc20:   00000288fbfc1f4c 0000000000000248
0x0000009e329fbc30:   0000009e329fbcf8 00000288ff06248f
0x0000009e329fbc40:   00000288ff310090 00000288ff310090
0x0000009e329fbc50:   000002880000ac44 0000028800000004
0x0000009e329fbc60:   00000288e32a7bd0 00000288e32b9c8e
0x0000009e329fbc70:   00000288fdf83fc8 0000000000000248
0x0000009e329fbc80:   00000288e32a7bd0 00000288e32b999b 

Instructions: (pc=0x00000288ff061066)
0x00000288ff061046:   41 2b ec 81 3a 03 00 02 00 75 09 8b 01 89 84 24
0x00000288ff061056:   c8 00 00 00 49 83 c0 02 48 83 c1 08 4a 8d 14 86
0x00000288ff061066:   39 3a 75 af 4c 8d 84 24 c0 00 00 00 48 8d 15 d7
0x00000288ff061076:   2b 03 00 33 c9 e8 58 5f 00 00 b8 40 1f 00 00 4c 


Register to memory mapping:

RAX=0x0000000000000004 is an unknown value
RBX=0x00000288ff310090 is an unknown value
RCX=0x00000288fbfcc008 is an unknown value
RDX=0x00000288fbfcc004 is an unknown value
RSP=0x0000009e329fbb90 is pointing into the stack for thread: 0x00000288e1899800
RBP=0x00000000000000ff is an unknown value
RSI=0x00000288fbfc1f4c is an unknown value
RDI=0x0000000000000000 is an unknown value
R8 =0x000000000000282e is an unknown value
R9 =0x00000288fbfc1f4c is an unknown value
R10=0x00000288e32b9c62 is at code_begin+962 in an Interpreter codelet
method entry point (kind = native)  [0x00000288e32b98a0, 0x00000288e32ba340]  2720 bytes
R11=0x00000000517d8ee0 is an unknown value
R12=0x0000000000000001 is an unknown value
R13={method} {0x00000288fdf83fd0} 'nalcCreateContext' '(JJ)J' in 'org/lwjgl/openal/ALC10'
R14=0x0000009e329fbd30 is pointing into the stack for thread: 0x00000288e1899800
R15=0x00000288e1899800 is a thread


Stack: [0x0000009e32900000,0x0000009e32a00000],  sp=0x0000009e329fbb90,  free space=1006k
Native frames: (J=compiled Java code, j=interpreted, Vv=VM code, C=native code)
C  [OpenAL64.dll+0x11066]
C  [OpenAL64.dll+0x1248f]
C  0x00000288e32b9c8e

Java frames: (J=compiled Java code, j=interpreted, Vv=VM code)
j  org.lwjgl.openal.ALC10.nalcCreateContext(JJ)J+0
j  org.lwjgl.openal.ALC10.alcCreateContext(Lorg/lwjgl/openal/ALCdevice;Ljava/nio/IntBuffer;)Lorg/lwjgl/openal/ALCcontext;+8
j  org.lwjgl.openal.AL.init(Ljava/lang/String;IIZZ)V+69
j  org.lwjgl.openal.AL.create(Ljava/lang/String;IIZZ)V+246
j  org.lwjgl.openal.AL.create(Ljava/lang/String;IIZ)V+5
j  org.lwjgl.openal.AL.create()V+6
j  com.badlogic.gdx.backends.lwjgl.audio.OpenALAudio.<init>(III)V+114
j  com.badlogic.gdx.backends.lwjgl.LwjglApplication.<init>(Lcom/badlogic/gdx/ApplicationListener;Lcom/badlogic/gdx/backends/lwjgl/LwjglApplicationConfiguration;Lcom/badlogic/gdx/backends/lwjgl/LwjglGraphics;)V+120
j  com.badlogic.gdx.backends.lwjgl.LwjglApplication.<init>(Lcom/badlogic/gdx/ApplicationListener;Lcom/badlogic/gdx/backends/lwjgl/LwjglApplicationConfiguration;)V+11
j  org.uqbar.project.wollok.game.gameboard.WollokGDXApplication.<init>(Lorg/uqbar/project/wollok/game/gameboard/Gameboard;Ljava/lang/Boolean;)V+17
j  org.uqbar.project.wollok.game.helpers.Application.start(Lorg/uqbar/project/wollok/game/gameboard/Gameboard;Ljava/lang/Boolean;)V+5
j  org.uqbar.project.wollok.game.gameboard.Gameboard.start(Ljava/lang/Boolean;)V+13
j  wollok.game.GameObject.doStart(Ljava/lang/Boolean;)V+12
v  ~StubRoutines::call_stub
J 3268  sun.reflect.NativeMethodAccessorImpl.invoke0(Ljava/lang/reflect/Method;Ljava/lang/Object;[Ljava/lang/Object;)Ljava/lang/Object; (0 bytes) @ 0x00000288e3cdc43f [0x00000288e3cdc3c0+0x7f]
J 3267 C1 sun.reflect.NativeMethodAccessorImpl.invoke(Ljava/lang/Object;[Ljava/lang/Object;)Ljava/lang/Object; (104 bytes) @ 0x00000288e3cdd244 [0x00000288e3cdcea0+0x3a4]
J 2747 C1 sun.reflect.DelegatingMethodAccessorImpl.invoke(Ljava/lang/Object;[Ljava/lang/Object;)Ljava/lang/Object; (10 bytes) @ 0x00000288e3b8f404 [0x00000288e3b8f300+0x104]
J 2746 C1 java.lang.reflect.Method.invoke(Ljava/lang/Object;[Ljava/lang/Object;)Ljava/lang/Object; (62 bytes) @ 0x00000288e3b8ee2c [0x00000288e3b8ea40+0x3ec]
j  org.uqbar.project.wollok.ui.utils.XTendUtilExtensions.invokeConvertingArgs(Ljava/lang/reflect/Method;Ljava/lang/Object;[Ljava/lang/Object;)Lorg/uqbar/project/wollok/interpreter/core/WollokObject;+261
j  org.uqbar.project.wollok.interpreter.AbstractWollokCallable._invokeNative(Ljava/lang/Object;Ljava/lang/String;[Lorg/uqbar/project/wollok/interpreter/core/WollokObject;)Lorg/uqbar/project/wollok/interpreter/core/WollokObject;+41
j  org.uqbar.project.wollok.interpreter.AbstractWollokCallable.invokeNative(Ljava/lang/Object;Ljava/lang/String;[Lorg/uqbar/project/wollok/interpreter/core/WollokObject;)Lorg/uqbar/project/wollok/interpreter/core/WollokObject;+26
j  org.uqbar.project.wollok.interpreter.AbstractWollokCallable$1.apply()Lorg/uqbar/project/wollok/interpreter/core/WollokObject;+55
j  org.uqbar.project.wollok.interpreter.AbstractWollokCallable$1.apply()Ljava/lang/Object;+1
j  org.uqbar.project.wollok.interpreter.threads.WThread.performOnStack(Lorg/eclipse/emf/ecore/EObject;Lorg/uqbar/project/wollok/interpreter/context/EvaluationContext;Lorg/eclipse/xtext/xbase/lib/Functions$Function0;)Lorg/uqbar/project/wollok/interpreter/core/WollokObject;+29
j  org.uqbar.project.wollok.interpreter.WollokInterpreter.performOnStack(Lorg/eclipse/emf/ecore/EObject;Lorg/uqbar/project/wollok/interpreter/context/EvaluationContext;Lorg/eclipse/xtext/xbase/lib/Functions$Function0;)Lorg/uqbar/project/wollok/interpreter/core/WollokObject;+7
j  org.uqbar.project.wollok.interpreter.AbstractWollokCallable.call(Lorg/uqbar/project/wollok/wollokDsl/WMethodDeclaration;[Lorg/uqbar/project/wollok/interpreter/core/WollokObject;)Lorg/uqbar/project/wollok/interpreter/core/WollokObject;+38
j  org.uqbar.project.wollok.interpreter.core.WollokObject.call(Ljava/lang/String;[Lorg/uqbar/project/wollok/interpreter/core/WollokObject;)Lorg/uqbar/project/wollok/interpreter/core/WollokObject;+55
j  org.uqbar.project.wollok.interpreter.WollokInterpreterEvaluator._evaluate(Lorg/uqbar/project/wollok/wollokDsl/WFeatureCall;)Lorg/uqbar/project/wollok/interpreter/core/WollokObject;+119
J 3358 C1 org.uqbar.project.wollok.launch.WollokLauncherInterpreterEvaluator.evaluate(Lorg/eclipse/emf/ecore/EObject;)Lorg/uqbar/project/wollok/interpreter/core/WollokObject; (502 bytes) @ 0x00000288e3d023e4 [0x00000288e3d013a0+0x1044]
J 3359 C1 org.uqbar.project.wollok.interpreter.WollokInterpreter.eval(Lorg/eclipse/emf/ecore/EObject;)Lorg/uqbar/project/wollok/interpreter/core/WollokObject; (190 bytes) @ 0x00000288e3d06f74 [0x00000288e3d06b80+0x3f4]
j  org.uqbar.project.wollok.interpreter.WollokInterpreterEvaluator.eval(Lorg/eclipse/emf/ecore/EObject;)Lorg/uqbar/project/wollok/interpreter/core/WollokObject;+5
j  org.uqbar.project.wollok.interpreter.WollokInterpreterEvaluator$1.apply(Lorg/uqbar/project/wollok/interpreter/core/WollokObject;Lorg/eclipse/emf/ecore/EObject;)Lorg/uqbar/project/wollok/interpreter/core/WollokObject;+5
j  org.uqbar.project.wollok.interpreter.WollokInterpreterEvaluator$1.apply(Ljava/lang/Object;Ljava/lang/Object;)Ljava/lang/Object;+9
J 3290 C1 org.eclipse.xtext.xbase.lib.IterableExtensions.fold(Ljava/lang/Iterable;Ljava/lang/Object;Lorg/eclipse/xtext/xbase/lib/Functions$Function2;)Ljava/lang/Object; (12 bytes) @ 0x00000288e3ce7d3c [0x00000288e3ce7ca0+0x9c]
j  org.uqbar.project.wollok.interpreter.WollokInterpreterEvaluator.evalAll(Ljava/lang/Iterable;)Lorg/uqbar/project/wollok/interpreter/core/WollokObject;+12
j  org.uqbar.project.wollok.interpreter.WollokInterpreterEvaluator._evaluate(Lorg/uqbar/project/wollok/wollokDsl/WBlockExpression;)Lorg/uqbar/project/wollok/interpreter/core/WollokObject;+34
J 3358 C1 org.uqbar.project.wollok.launch.WollokLauncherInterpreterEvaluator.evaluate(Lorg/eclipse/emf/ecore/EObject;)Lorg/uqbar/project/wollok/interpreter/core/WollokObject; (502 bytes) @ 0x00000288e3d02ffc [0x00000288e3d013a0+0x1c5c]
J 3359 C1 org.uqbar.project.wollok.interpreter.WollokInterpreter.eval(Lorg/eclipse/emf/ecore/EObject;)Lorg/uqbar/project/wollok/interpreter/core/WollokObject; (190 bytes) @ 0x00000288e3d06f74 [0x00000288e3d06b80+0x3f4]
j  org.uqbar.project.wollok.interpreter.AbstractWollokCallable.eval(Lorg/eclipse/emf/ecore/EObject;)Lorg/uqbar/project/wollok/interpreter/core/WollokObject;+5
j  org.uqbar.project.wollok.interpreter.AbstractWollokCallable$1.apply()Lorg/uqbar/project/wollok/interpreter/core/WollokObject;+110
j  org.uqbar.project.wollok.interpreter.AbstractWollokCallable$1.apply()Ljava/lang/Object;+1
j  org.uqbar.project.wollok.interpreter.threads.WThread.performOnStack(Lorg/eclipse/emf/ecore/EObject;Lorg/uqbar/project/wollok/interpreter/context/EvaluationContext;Lorg/eclipse/xtext/xbase/lib/Functions$Function0;)Lorg/uqbar/project/wollok/interpreter/core/WollokObject;+29
j  org.uqbar.project.wollok.interpreter.WollokInterpreter.performOnStack(Lorg/eclipse/emf/ecore/EObject;Lorg/uqbar/project/wollok/interpreter/context/EvaluationContext;Lorg/eclipse/xtext/xbase/lib/Functions$Function0;)Lorg/uqbar/project/wollok/interpreter/core/WollokObject;+7
j  org.uqbar.project.wollok.interpreter.AbstractWollokCallable.call(Lorg/uqbar/project/wollok/wollokDsl/WMethodDeclaration;[Lorg/uqbar/project/wollok/interpreter/core/WollokObject;)Lorg/uqbar/project/wollok/interpreter/core/WollokObject;+38
j  org.uqbar.project.wollok.interpreter.core.WollokObject.call(Ljava/lang/String;[Lorg/uqbar/project/wollok/interpreter/core/WollokObject;)Lorg/uqbar/project/wollok/interpreter/core/WollokObject;+55
j  org.uqbar.project.wollok.interpreter.WollokInterpreterEvaluator._evaluate(Lorg/uqbar/project/wollok/wollokDsl/WFeatureCall;)Lorg/uqbar/project/wollok/interpreter/core/WollokObject;+119
J 3358 C1 org.uqbar.project.wollok.launch.WollokLauncherInterpreterEvaluator.evaluate(Lorg/eclipse/emf/ecore/EObject;)Lorg/uqbar/project/wollok/interpreter/core/WollokObject; (502 bytes) @ 0x00000288e3d023e4 [0x00000288e3d013a0+0x1044]
J 3359 C1 org.uqbar.project.wollok.interpreter.WollokInterpreter.eval(Lorg/eclipse/emf/ecore/EObject;)Lorg/uqbar/project/wollok/interpreter/core/WollokObject; (190 bytes) @ 0x00000288e3d06f74 [0x00000288e3d06b80+0x3f4]
j  org.uqbar.project.wollok.interpreter.WollokInterpreterEvaluator.eval(Lorg/eclipse/emf/ecore/EObject;)Lorg/uqbar/project/wollok/interpreter/core/WollokObject;+5
j  org.uqbar.project.wollok.interpreter.WollokInterpreterEvaluator$1.apply(Lorg/uqbar/project/wollok/interpreter/core/WollokObject;Lorg/eclipse/emf/ecore/EObject;)Lorg/uqbar/project/wollok/interpreter/core/WollokObject;+5
j  org.uqbar.project.wollok.interpreter.WollokInterpreterEvaluator$1.apply(Ljava/lang/Object;Ljava/lang/Object;)Ljava/lang/Object;+9
J 3290 C1 org.eclipse.xtext.xbase.lib.IterableExtensions.fold(Ljava/lang/Iterable;Ljava/lang/Object;Lorg/eclipse/xtext/xbase/lib/Functions$Function2;)Ljava/lang/Object; (12 bytes) @ 0x00000288e3ce7d3c [0x00000288e3ce7ca0+0x9c]
j  org.uqbar.project.wollok.interpreter.WollokInterpreterEvaluator.evalAll(Ljava/lang/Iterable;)Lorg/uqbar/project/wollok/interpreter/core/WollokObject;+12
j  org.uqbar.project.wollok.interpreter.WollokInterpreterEvaluator._evaluate(Lorg/uqbar/project/wollok/wollokDsl/WBlockExpression;)Lorg/uqbar/project/wollok/interpreter/core/WollokObject;+34
J 3358 C1 org.uqbar.project.wollok.launch.WollokLauncherInterpreterEvaluator.evaluate(Lorg/eclipse/emf/ecore/EObject;)Lorg/uqbar/project/wollok/interpreter/core/WollokObject; (502 bytes) @ 0x00000288e3d02ffc [0x00000288e3d013a0+0x1c5c]
J 3359 C1 org.uqbar.project.wollok.interpreter.WollokInterpreter.eval(Lorg/eclipse/emf/ecore/EObject;)Lorg/uqbar/project/wollok/interpreter/core/WollokObject; (190 bytes) @ 0x00000288e3d06f74 [0x00000288e3d06b80+0x3f4]
j  org.uqbar.project.wollok.interpreter.AbstractWollokCallable.eval(Lorg/eclipse/emf/ecore/EObject;)Lorg/uqbar/project/wollok/interpreter/core/WollokObject;+5
j  org.uqbar.project.wollok.interpreter.AbstractWollokCallable$1.apply()Lorg/uqbar/project/wollok/interpreter/core/WollokObject;+110
j  org.uqbar.project.wollok.interpreter.AbstractWollokCallable$1.apply()Ljava/lang/Object;+1
j  org.uqbar.project.wollok.interpreter.threads.WThread.performOnStack(Lorg/eclipse/emf/ecore/EObject;Lorg/uqbar/project/wollok/interpreter/context/EvaluationContext;Lorg/eclipse/xtext/xbase/lib/Functions$Function0;)Lorg/uqbar/project/wollok/interpreter/core/WollokObject;+29
j  org.uqbar.project.wollok.interpreter.WollokInterpreter.performOnStack(Lorg/eclipse/emf/ecore/EObject;Lorg/uqbar/project/wollok/interpreter/context/EvaluationContext;Lorg/eclipse/xtext/xbase/lib/Functions$Function0;)Lorg/uqbar/project/wollok/interpreter/core/WollokObject;+7
j  org.uqbar.project.wollok.interpreter.AbstractWollokCallable.call(Lorg/uqbar/project/wollok/wollokDsl/WMethodDeclaration;[Lorg/uqbar/project/wollok/interpreter/core/WollokObject;)Lorg/uqbar/project/wollok/interpreter/core/WollokObject;+38
j  org.uqbar.project.wollok.interpreter.core.WollokObject.call(Ljava/lang/String;[Lorg/uqbar/project/wollok/interpreter/core/WollokObject;)Lorg/uqbar/project/wollok/interpreter/core/WollokObject;+55
j  org.uqbar.project.wollok.interpreter.WollokInterpreterEvaluator._evaluate(Lorg/uqbar/project/wollok/wollokDsl/WFeatureCall;)Lorg/uqbar/project/wollok/interpreter/core/WollokObject;+119
J 3358 C1 org.uqbar.project.wollok.launch.WollokLauncherInterpreterEvaluator.evaluate(Lorg/eclipse/emf/ecore/EObject;)Lorg/uqbar/project/wollok/interpreter/core/WollokObject; (502 bytes) @ 0x00000288e3d023e4 [0x00000288e3d013a0+0x1044]
J 3359 C1 org.uqbar.project.wollok.interpreter.WollokInterpreter.eval(Lorg/eclipse/emf/ecore/EObject;)Lorg/uqbar/project/wollok/interpreter/core/WollokObject; (190 bytes) @ 0x00000288e3d06f74 [0x00000288e3d06b80+0x3f4]
j  org.uqbar.project.wollok.interpreter.WollokInterpreterEvaluator.eval(Lorg/eclipse/emf/ecore/EObject;)Lorg/uqbar/project/wollok/interpreter/core/WollokObject;+5
j  org.uqbar.project.wollok.interpreter.WollokInterpreterEvaluator$1.apply(Lorg/uqbar/project/wollok/interpreter/core/WollokObject;Lorg/eclipse/emf/ecore/EObject;)Lorg/uqbar/project/wollok/interpreter/core/WollokObject;+5
j  org.uqbar.project.wollok.interpreter.WollokInterpreterEvaluator$1.apply(Ljava/lang/Object;Ljava/lang/Object;)Ljava/lang/Object;+9
j  org.eclipse.xtext.xbase.lib.IteratorExtensions.fold(Ljava/util/Iterator;Ljava/lang/Object;Lorg/eclipse/xtext/xbase/lib/Functions$Function2;)Ljava/lang/Object;+19
j  org.eclipse.xtext.xbase.lib.IterableExtensions.fold(Ljava/lang/Iterable;Ljava/lang/Object;Lorg/eclipse/xtext/xbase/lib/Functions$Function2;)Ljava/lang/Object;+8
j  org.uqbar.project.wollok.interpreter.WollokInterpreterEvaluator.evalAll(Ljava/lang/Iterable;)Lorg/uqbar/project/wollok/interpreter/core/WollokObject;+12
j  org.uqbar.project.wollok.interpreter.WollokInterpreterEvaluator._evaluate(Lorg/uqbar/project/wollok/wollokDsl/WProgram;)Lorg/uqbar/project/wollok/interpreter/core/WollokObject;+18
j  org.uqbar.project.wollok.launch.WollokLauncherInterpreterEvaluator.evaluate(Lorg/eclipse/emf/ecore/EObject;)Lorg/uqbar/project/wollok/interpreter/core/WollokObject;+444
j  org.uqbar.project.wollok.interpreter.WollokInterpreterEvaluator.evaluate(Lorg/eclipse/emf/ecore/EObject;)Ljava/lang/Object;+2
j  org.uqbar.project.wollok.interpreter.WollokInterpreter.eval(Lorg/eclipse/emf/ecore/EObject;)Lorg/uqbar/project/wollok/interpreter/core/WollokObject;+63
j  org.uqbar.project.wollok.interpreter.WollokInterpreterEvaluator.eval(Lorg/eclipse/emf/ecore/EObject;)Lorg/uqbar/project/wollok/interpreter/core/WollokObject;+5
j  org.uqbar.project.wollok.launch.WollokLauncherInterpreterEvaluator._evaluate(Lorg/uqbar/project/wollok/wollokDsl/WFile;)Lorg/uqbar/project/wollok/interpreter/core/WollokObject;+32
j  org.uqbar.project.wollok.launch.WollokLauncherInterpreterEvaluator.evaluate(Lorg/eclipse/emf/ecore/EObject;)Lorg/uqbar/project/wollok/interpreter/core/WollokObject;+428
j  org.uqbar.project.wollok.interpreter.WollokInterpreterEvaluator.evaluate(Lorg/eclipse/emf/ecore/EObject;)Ljava/lang/Object;+2
j  org.uqbar.project.wollok.interpreter.WollokInterpreter.interpret(Lorg/eclipse/emf/ecore/EObject;Ljava/lang/Boolean;)Lorg/uqbar/project/wollok/interpreter/core/WollokObject;+25
j  org.uqbar.project.wollok.interpreter.WollokInterpreter.interpret(Lorg/eclipse/emf/ecore/EObject;)Lorg/uqbar/project/wollok/interpreter/core/WollokObject;+8
j  org.uqbar.project.wollok.launch.WollokLauncher.doSomething(Lorg/uqbar/project/wollok/wollokDsl/WFile;Lcom/google/inject/Injector;Ljava/io/File;Lorg/uqbar/project/wollok/launch/WollokLauncherParameters;)V+109
j  org.uqbar.project.wollok.launch.WollokChecker.launch(Ljava/lang/String;Lorg/uqbar/project/wollok/launch/WollokLauncherParameters;)V+31
j  org.uqbar.project.wollok.launch.WollokChecker.doMain([Ljava/lang/String;)V+205
j  org.uqbar.project.wollok.launch.WollokLauncher.main([Ljava/lang/String;)V+8
v  ~StubRoutines::call_stub

---------------  P R O C E S S  ---------------

Java Threads: ( => current thread )
  0x00000288fa593000 JavaThread "com.google.inject.internal.util.$Finalizer" daemon [_thread_blocked, id=23460, stack(0x0000009e33e00000,0x0000009e33f00000)]
  0x00000288fa2dd800 JavaThread "EMF Reference Cleaner" daemon [_thread_blocked, id=14576, stack(0x0000009e33d00000,0x0000009e33e00000)]
  0x00000288f9810800 JavaThread "Service Thread" daemon [_thread_blocked, id=21220, stack(0x0000009e33b00000,0x0000009e33c00000)]
  0x00000288f79cc000 JavaThread "C1 CompilerThread3" daemon [_thread_blocked, id=23708, stack(0x0000009e33a00000,0x0000009e33b00000)]
  0x00000288f79bf000 JavaThread "C2 CompilerThread2" daemon [_thread_blocked, id=23572, stack(0x0000009e33900000,0x0000009e33a00000)]
  0x00000288f79bd800 JavaThread "C2 CompilerThread1" daemon [_thread_blocked, id=21188, stack(0x0000009e33800000,0x0000009e33900000)]
  0x00000288f79bc800 JavaThread "C2 CompilerThread0" daemon [_thread_blocked, id=23132, stack(0x0000009e33700000,0x0000009e33800000)]
  0x00000288f79ad800 JavaThread "Attach Listener" daemon [_thread_blocked, id=12904, stack(0x0000009e33600000,0x0000009e33700000)]
  0x00000288f79ad000 JavaThread "Signal Dispatcher" daemon [_thread_blocked, id=20628, stack(0x0000009e33500000,0x0000009e33600000)]
  0x00000288f7989000 JavaThread "Finalizer" daemon [_thread_blocked, id=11304, stack(0x0000009e33400000,0x0000009e33500000)]
  0x00000288f797a000 JavaThread "Reference Handler" daemon [_thread_blocked, id=15064, stack(0x0000009e33300000,0x0000009e33400000)]
=>0x00000288e1899800 JavaThread "main" [_thread_in_native, id=9092, stack(0x0000009e32900000,0x0000009e32a00000)]

Other Threads:
  0x00000288f7950000 VMThread [stack: 0x0000009e33200000,0x0000009e33300000] [id=24392]
  0x00000288f7a1e000 WatcherThread [stack: 0x0000009e33c00000,0x0000009e33d00000] [id=22216]

VM state:not at safepoint (normal execution)

VM Mutex/Monitor currently owned by a thread: None

heap address: 0x0000000083800000, size: 1992 MB, Compressed Oops mode: 32-bit
Narrow klass base: 0x0000000000000000, Narrow klass shift: 3
Compressed class space size: 1073741824 Address: 0x0000000100000000

Heap:
 PSYoungGen      total 70656K, used 24531K [0x00000000d6800000, 0x00000000e0600000, 0x0000000100000000)
  eden space 65536K, 37% used [0x00000000d6800000,0x00000000d7ff4e48,0x00000000da800000)
  from space 5120K, 0% used [0x00000000da800000,0x00000000da800000,0x00000000dad00000)
  to   space 15360K, 0% used [0x00000000df700000,0x00000000df700000,0x00000000e0600000)
 ParOldGen       total 88064K, used 24289K [0x0000000083800000, 0x0000000088e00000, 0x00000000d6800000)
  object space 88064K, 27% used [0x0000000083800000,0x0000000084fb84e0,0x0000000088e00000)
 Metaspace       used 22098K, capacity 22370K, committed 22656K, reserved 1069056K
  class space    used 2770K, capacity 2869K, committed 2944K, reserved 1048576K

Card table byte_map: [0x00000288f2660000,0x00000288f2a50000] byte_map_base: 0x00000288f2244000

Marking Bits: (ParMarkBitMap*) 0x0000000051daf810
 Begin Bits: [0x00000288f2cf0000, 0x00000288f4c10000)
 End Bits:   [0x00000288f4c10000, 0x00000288f6b30000)

Polling page: 0x00000288e1a20000

CodeCache: size=245760Kb used=11207Kb max_used=11207Kb free=234552Kb
 bounds [0x00000288e32a0000, 0x00000288e3da0000, 0x00000288f22a0000]
 total_blobs=3911 nmethods=3457 adapters=365
 compilation: enabled

Compilation events (10 events):
Event: 2.236 Thread 0x00000288f79cc000 3453       3       java.io.FileInputStream::read (9 bytes)
Event: 2.236 Thread 0x00000288f79cc000 nmethod 3453 0x00000288e3d95190 code [0x00000288e3d95300, 0x00000288e3d95490]
Event: 2.242 Thread 0x00000288f79cc000 3455       3       java.nio.DirectByteBuffer::put (18 bytes)
Event: 2.242 Thread 0x00000288f79cc000 nmethod 3455 0x00000288e3d944d0 code [0x00000288e3d94640, 0x00000288e3d948b8]
Event: 2.242 Thread 0x00000288f79cc000 3456       3       java.nio.DirectByteBuffer::ix (10 bytes)
Event: 2.243 Thread 0x00000288f79cc000 nmethod 3456 0x00000288e3d94190 code [0x00000288e3d942e0, 0x00000288e3d94438]
Event: 2.243 Thread 0x00000288f79cc000 3458       3       java.nio.DirectByteBuffer::put (18 bytes)
Event: 2.243 Thread 0x00000288f79cc000 nmethod 3458 0x00000288e3d93c90 code [0x00000288e3d93e00, 0x00000288e3d94078]
Event: 2.243 Thread 0x00000288f79cc000 3459       1       java.nio.DirectByteBuffer::ix (10 bytes)
Event: 2.243 Thread 0x00000288f79cc000 nmethod 3459 0x00000288e3d93990 code [0x00000288e3d93ae0, 0x00000288e3d93bf8]

GC Heap History (10 events):
Event: 0.554 GC heap before
{Heap before GC invocations=2 (full 0):
 PSYoungGen      total 37888K, used 37877K [0x00000000d6800000, 0x00000000d9200000, 0x0000000100000000)
  eden space 32768K, 100% used [0x00000000d6800000,0x00000000d8800000,0x00000000d8800000)
  from space 5120K, 99% used [0x00000000d8800000,0x00000000d8cfd5e0,0x00000000d8d00000)
  to   space 5120K, 0% used [0x00000000d8d00000,0x00000000d8d00000,0x00000000d9200000)
 ParOldGen       total 86016K, used 670K [0x0000000083800000, 0x0000000088c00000, 0x00000000d6800000)
  object space 86016K, 0% used [0x0000000083800000,0x00000000838a7aa8,0x0000000088c00000)
 Metaspace       used 10014K, capacity 10256K, committed 10624K, reserved 1058816K
  class space    used 1195K, capacity 1288K, committed 1408K, reserved 1048576K
Event: 0.560 GC heap after
Heap after GC invocations=2 (full 0):
 PSYoungGen      total 37888K, used 5106K [0x00000000d6800000, 0x00000000db200000, 0x0000000100000000)
  eden space 32768K, 0% used [0x00000000d6800000,0x00000000d6800000,0x00000000d8800000)
  from space 5120K, 99% used [0x00000000d8d00000,0x00000000d91fc810,0x00000000d9200000)
  to   space 5120K, 0% used [0x00000000d8800000,0x00000000d8800000,0x00000000d8d00000)
 ParOldGen       total 86016K, used 8092K [0x0000000083800000, 0x0000000088c00000, 0x00000000d6800000)
  object space 86016K, 9% used [0x0000000083800000,0x0000000083fe7210,0x0000000088c00000)
 Metaspace       used 10014K, capacity 10256K, committed 10624K, reserved 1058816K
  class space    used 1195K, capacity 1288K, committed 1408K, reserved 1048576K
}
Event: 0.791 GC heap before
{Heap before GC invocations=3 (full 0):
 PSYoungGen      total 37888K, used 37874K [0x00000000d6800000, 0x00000000db200000, 0x0000000100000000)
  eden space 32768K, 100% used [0x00000000d6800000,0x00000000d8800000,0x00000000d8800000)
  from space 5120K, 99% used [0x00000000d8d00000,0x00000000d91fc810,0x00000000d9200000)
  to   space 5120K, 0% used [0x00000000d8800000,0x00000000d8800000,0x00000000d8d00000)
 ParOldGen       total 86016K, used 8092K [0x0000000083800000, 0x0000000088c00000, 0x00000000d6800000)
  object space 86016K, 9% used [0x0000000083800000,0x0000000083fe7210,0x0000000088c00000)
 Metaspace       used 13531K, capacity 13724K, committed 14080K, reserved 1060864K
  class space    used 1672K, capacity 1738K, committed 1792K, reserved 1048576K
Event: 0.795 GC heap after
Heap after GC invocations=3 (full 0):
 PSYoungGen      total 37888K, used 5090K [0x00000000d6800000, 0x00000000db200000, 0x0000000100000000)
  eden space 32768K, 0% used [0x00000000d6800000,0x00000000d6800000,0x00000000d8800000)
  from space 5120K, 99% used [0x00000000d8800000,0x00000000d8cf8ad0,0x00000000d8d00000)
  to   space 5120K, 0% used [0x00000000dad00000,0x00000000dad00000,0x00000000db200000)
 ParOldGen       total 86016K, used 14540K [0x0000000083800000, 0x0000000088c00000, 0x00000000d6800000)
  object space 86016K, 16% used [0x0000000083800000,0x0000000084633370,0x0000000088c00000)
 Metaspace       used 13531K, capacity 13724K, committed 14080K, reserved 1060864K
  class space    used 1672K, capacity 1738K, committed 1792K, reserved 1048576K
}
Event: 1.128 GC heap before
{Heap before GC invocations=4 (full 0):
 PSYoungGen      total 37888K, used 37858K [0x00000000d6800000, 0x00000000db200000, 0x0000000100000000)
  eden space 32768K, 100% used [0x00000000d6800000,0x00000000d8800000,0x00000000d8800000)
  from space 5120K, 99% used [0x00000000d8800000,0x00000000d8cf8ad0,0x00000000d8d00000)
  to   space 5120K, 0% used [0x00000000dad00000,0x00000000dad00000,0x00000000db200000)
 ParOldGen       total 86016K, used 14540K [0x0000000083800000, 0x0000000088c00000, 0x00000000d6800000)
  object space 86016K, 16% used [0x0000000083800000,0x0000000084633370,0x0000000088c00000)
 Metaspace       used 17478K, capacity 17682K, committed 18048K, reserved 1064960K
  class space    used 2227K, capacity 2323K, committed 2432K, reserved 1048576K
Event: 1.133 GC heap after
Heap after GC invocations=4 (full 0):
 PSYoungGen      total 70656K, used 5114K [0x00000000d6800000, 0x00000000db200000, 0x0000000100000000)
  eden space 65536K, 0% used [0x00000000d6800000,0x00000000d6800000,0x00000000da800000)
  from space 5120K, 99% used [0x00000000dad00000,0x00000000db1fe8d0,0x00000000db200000)
  to   space 5120K, 0% used [0x00000000da800000,0x00000000da800000,0x00000000dad00000)
 ParOldGen       total 86016K, used 22210K [0x0000000083800000, 0x0000000088c00000, 0x00000000d6800000)
  object space 86016K, 25% used [0x0000000083800000,0x0000000084db0a60,0x0000000088c00000)
 Metaspace       used 17478K, capacity 17682K, committed 18048K, reserved 1064960K
  class space    used 2227K, capacity 2323K, committed 2432K, reserved 1048576K
}
Event: 1.708 GC heap before
{Heap before GC invocations=5 (full 0):
 PSYoungGen      total 70656K, used 44503K [0x00000000d6800000, 0x00000000db200000, 0x0000000100000000)
  eden space 65536K, 60% used [0x00000000d6800000,0x00000000d8e77500,0x00000000da800000)
  from space 5120K, 99% used [0x00000000dad00000,0x00000000db1fe8d0,0x00000000db200000)
  to   space 5120K, 0% used [0x00000000da800000,0x00000000da800000,0x00000000dad00000)
 ParOldGen       total 86016K, used 22210K [0x0000000083800000, 0x0000000088c00000, 0x00000000d6800000)
  object space 86016K, 25% used [0x0000000083800000,0x0000000084db0a60,0x0000000088c00000)
 Metaspace       used 20834K, capacity 21118K, committed 21248K, reserved 1067008K
  class space    used 2644K, capacity 2735K, committed 2816K, reserved 1048576K
Event: 1.716 GC heap after
Heap after GC invocations=5 (full 0):
 PSYoungGen      total 70656K, used 5116K [0x00000000d6800000, 0x00000000e0600000, 0x0000000100000000)
  eden space 65536K, 0% used [0x00000000d6800000,0x00000000d6800000,0x00000000da800000)
  from space 5120K, 99% used [0x00000000da800000,0x00000000dacff0a0,0x00000000dad00000)
  to   space 15360K, 0% used [0x00000000df700000,0x00000000df700000,0x00000000e0600000)
 ParOldGen       total 86016K, used 27034K [0x0000000083800000, 0x0000000088c00000, 0x00000000d6800000)
  object space 86016K, 31% used [0x0000000083800000,0x0000000085266ad8,0x0000000088c00000)
 Metaspace       used 20834K, capacity 21118K, committed 21248K, reserved 1067008K
  class space    used 2644K, capacity 2735K, committed 2816K, reserved 1048576K
}
Event: 1.716 GC heap before
{Heap before GC invocations=6 (full 1):
 PSYoungGen      total 70656K, used 5116K [0x00000000d6800000, 0x00000000e0600000, 0x0000000100000000)
  eden space 65536K, 0% used [0x00000000d6800000,0x00000000d6800000,0x00000000da800000)
  from space 5120K, 99% used [0x00000000da800000,0x00000000dacff0a0,0x00000000dad00000)
  to   space 15360K, 0% used [0x00000000df700000,0x00000000df700000,0x00000000e0600000)
 ParOldGen       total 86016K, used 27034K [0x0000000083800000, 0x0000000088c00000, 0x00000000d6800000)
  object space 86016K, 31% used [0x0000000083800000,0x0000000085266ad8,0x0000000088c00000)
 Metaspace       used 20834K, capacity 21118K, committed 21248K, reserved 1067008K
  class space    used 2644K, capacity 2735K, committed 2816K, reserved 1048576K
Event: 1.769 GC heap after
Heap after GC invocations=6 (full 1):
 PSYoungGen      total 70656K, used 0K [0x00000000d6800000, 0x00000000e0600000, 0x0000000100000000)
  eden space 65536K, 0% used [0x00000000d6800000,0x00000000d6800000,0x00000000da800000)
  from space 5120K, 0% used [0x00000000da800000,0x00000000da800000,0x00000000dad00000)
  to   space 15360K, 0% used [0x00000000df700000,0x00000000df700000,0x00000000e0600000)
 ParOldGen       total 88064K, used 24289K [0x0000000083800000, 0x0000000088e00000, 0x00000000d6800000)
  object space 88064K, 27% used [0x0000000083800000,0x0000000084fb84e0,0x0000000088e00000)
 Metaspace       used 20834K, capacity 21118K, committed 21248K, reserved 1067008K
  class space    used 2644K, capacity 2735K, committed 2816K, reserved 1048576K
}

Deoptimization events (10 events):
Event: 1.422 Thread 0x00000288e1899800 Uncommon trap: reason=unstable_if action=reinterpret pc=0x00000288e38f5a84 method=org.antlr.runtime.ANTLRStringStream.mark()I @ 4
Event: 1.422 Thread 0x00000288e1899800 Uncommon trap: reason=class_check action=maybe_recompile pc=0x00000288e39a2328 method=org.eclipse.xtext.nodemodel.impl.NodeModelBuilder.addChild(Lorg/eclipse/xtext/nodemodel/ICompositeNode;Lorg/eclipse/xtext/nodemodel/impl/AbstractNode;)V @ 6
Event: 1.426 Thread 0x00000288e1899800 Uncommon trap: reason=class_check action=maybe_recompile pc=0x00000288e39a2328 method=org.eclipse.xtext.nodemodel.impl.NodeModelBuilder.addChild(Lorg/eclipse/xtext/nodemodel/ICompositeNode;Lorg/eclipse/xtext/nodemodel/impl/AbstractNode;)V @ 6
Event: 1.426 Thread 0x00000288e1899800 Uncommon trap: reason=unstable_if action=reinterpret pc=0x00000288e39eb668 method=java.util.HashMap.computeIfAbsent(Ljava/lang/Object;Ljava/util/function/Function;)Ljava/lang/Object; @ 44
Event: 1.439 Thread 0x00000288e1899800 Uncommon trap: reason=class_check action=maybe_recompile pc=0x00000288e39a2328 method=org.eclipse.xtext.nodemodel.impl.NodeModelBuilder.addChild(Lorg/eclipse/xtext/nodemodel/ICompositeNode;Lorg/eclipse/xtext/nodemodel/impl/AbstractNode;)V @ 6
Event: 1.440 Thread 0x00000288e1899800 Uncommon trap: reason=unstable_if action=reinterpret pc=0x00000288e3aa7f18 method=sun.nio.cs.UTF_8$Decoder.decodeArrayLoop(Ljava/nio/ByteBuffer;Ljava/nio/CharBuffer;)Ljava/nio/charset/CoderResult; @ 84
Event: 1.441 Thread 0x00000288e1899800 Uncommon trap: reason=class_check action=maybe_recompile pc=0x00000288e39ac0bc method=org.eclipse.xtext.nodemodel.impl.NodeModelBuilder.addChild(Lorg/eclipse/xtext/nodemodel/ICompositeNode;Lorg/eclipse/xtext/nodemodel/impl/AbstractNode;)V @ 6
Event: 1.581 Thread 0x00000288e1899800 Uncommon trap: reason=unstable_if action=reinterpret pc=0x00000288e37851ec method=java.util.concurrent.ConcurrentHashMap.putVal(Ljava/lang/Object;Ljava/lang/Object;Z)Ljava/lang/Object; @ 181
Event: 1.952 Thread 0x00000288e1899800 Uncommon trap: reason=unstable_if action=reinterpret pc=0x00000288e35f77f0 method=java.io.WinNTFileSystem.normalize(Ljava/lang/String;)Ljava/lang/String; @ 49
Event: 1.971 Thread 0x00000288e1899800 Uncommon trap: reason=predicate action=maybe_recompile pc=0x00000288e36edf14 method=java.lang.String.regionMatches(ZILjava/lang/String;II)Z @ 63

Classes redefined (0 events):
No events

Internal exceptions (10 events):
Event: 1.490 Thread 0x00000288e1899800 Exception <a 'java/io/FileNotFoundException'> (0x00000000d7d13478) thrown at [J:\jenkins\tmp\workspace\build\src\hotspot\src\share\vm\prims\jni.cpp, line 709]
Event: 1.499 Thread 0x00000288e1899800 Exception <a 'java/io/FileNotFoundException'> (0x00000000d7d95da8) thrown at [J:\jenkins\tmp\workspace\build\src\hotspot\src\share\vm\prims\jni.cpp, line 709]
Event: 1.512 Thread 0x00000288e1899800 Exception <a 'java/io/FileNotFoundException'> (0x00000000d7ede0e0) thrown at [J:\jenkins\tmp\workspace\build\src\hotspot\src\share\vm\prims\jni.cpp, line 709]
Event: 1.520 Thread 0x00000288e1899800 Exception <a 'java/io/FileNotFoundException'> (0x00000000d7f66e80) thrown at [J:\jenkins\tmp\workspace\build\src\hotspot\src\share\vm\prims\jni.cpp, line 709]
Event: 2.248 Thread 0x00000288e1899800 Exception <a 'java/security/PrivilegedActionException'> (0x00000000d7e4a240) thrown at [J:\jenkins\tmp\workspace\build\src\hotspot\src\share\vm\prims\jvm.cpp, line 1514]
Event: 2.248 Thread 0x00000288e1899800 Exception <a 'java/security/PrivilegedActionException'> (0x00000000d7e4b770) thrown at [J:\jenkins\tmp\workspace\build\src\hotspot\src\share\vm\prims\jvm.cpp, line 1514]
Event: 2.248 Thread 0x00000288e1899800 Exception <a 'java/security/PrivilegedActionException'> (0x00000000d7e4cba0) thrown at [J:\jenkins\tmp\workspace\build\src\hotspot\src\share\vm\prims\jvm.cpp, line 1514]
Event: 2.248 Thread 0x00000288e1899800 Exception <a 'java/security/PrivilegedActionException'> (0x00000000d7e4e260) thrown at [J:\jenkins\tmp\workspace\build\src\hotspot\src\share\vm\prims\jvm.cpp, line 1514]
Event: 2.248 Thread 0x00000288e1899800 Exception <a 'java/security/PrivilegedActionException'> (0x00000000d7e4f658) thrown at [J:\jenkins\tmp\workspace\build\src\hotspot\src\share\vm\prims\jvm.cpp, line 1514]
Event: 2.248 Thread 0x00000288e1899800 Exception <a 'java/security/PrivilegedActionException'> (0x00000000d7e50a20) thrown at [J:\jenkins\tmp\workspace\build\src\hotspot\src\share\vm\prims\jvm.cpp, line 1514]

Events (10 events):
Event: 2.269 loading class org/lwjgl/openal/ALCdevice
Event: 2.269 loading class org/lwjgl/openal/ALCdevice done
Event: 2.269 loading class org/lwjgl/openal/ALCcontext
Event: 2.269 loading class org/lwjgl/openal/ALCcontext done
Event: 2.270 loading class java/nio/DirectIntBufferU
Event: 2.270 loading class java/nio/DirectIntBufferU done
Event: 2.270 loading class org/lwjgl/openal/Util
Event: 2.270 loading class org/lwjgl/openal/Util done
Event: 2.270 loading class org/lwjgl/openal/OpenALException
Event: 2.270 loading class org/lwjgl/openal/OpenALException done


Dynamic libraries:
0x00007ff7052b0000 - 0x00007ff7052f6000 	C:\Program Files\Eclipse Adoptium\jdk-8.0.382.5-hotspot\bin\javaw.exe
0x00007ff8c7090000 - 0x00007ff8c7287000 	C:\windows\SYSTEM32\ntdll.dll
0x00007ff8c57d0000 - 0x00007ff8c588d000 	C:\windows\System32\KERNEL32.DLL
0x00007ff8c4dc0000 - 0x00007ff8c50b6000 	C:\windows\System32\KERNELBASE.dll
0x00007ff8c5b50000 - 0x00007ff8c5bfe000 	C:\windows\System32\ADVAPI32.dll
0x00007ff8c5390000 - 0x00007ff8c542e000 	C:\windows\System32\msvcrt.dll
0x00007ff8c51e0000 - 0x00007ff8c527c000 	C:\windows\System32\sechost.dll
0x00007ff8c5f20000 - 0x00007ff8c6046000 	C:\windows\System32\RPCRT4.dll
0x00007ff8c58f0000 - 0x00007ff8c5a8e000 	C:\windows\System32\USER32.dll
0x00007ff8c4740000 - 0x00007ff8c4762000 	C:\windows\System32\win32u.dll
0x00007ff8c6fc0000 - 0x00007ff8c6fec000 	C:\windows\System32\GDI32.dll
0x00007ff8c4a70000 - 0x00007ff8c4b8a000 	C:\windows\System32\gdi32full.dll
0x00007ff8c4c90000 - 0x00007ff8c4d2d000 	C:\windows\System32\msvcp_win.dll
0x00007ff8c47a0000 - 0x00007ff8c48a0000 	C:\windows\System32\ucrtbase.dll
0x00007ff8a48d0000 - 0x00007ff8a4b6a000 	C:\windows\WinSxS\amd64_microsoft.windows.common-controls_6595b64144ccf1df_6.0.19041.3570_none_60bb2a3971f3e41a\COMCTL32.dll
0x00007ff8c5790000 - 0x00007ff8c57c0000 	C:\windows\System32\IMM32.DLL
0x00007ff8ada20000 - 0x00007ff8ada35000 	C:\Program Files\Eclipse Adoptium\jdk-8.0.382.5-hotspot\jre\bin\vcruntime140.dll
0x00007ff87dc30000 - 0x00007ff87dccb000 	C:\Program Files\Eclipse Adoptium\jdk-8.0.382.5-hotspot\jre\bin\msvcp140.dll
0x00000000515d0000 - 0x0000000051e28000 	C:\Program Files\Eclipse Adoptium\jdk-8.0.382.5-hotspot\jre\bin\server\jvm.dll
0x00007ff8c5b40000 - 0x00007ff8c5b48000 	C:\windows\System32\PSAPI.DLL
0x00007ff89d730000 - 0x00007ff89d757000 	C:\windows\SYSTEM32\WINMM.dll
0x00007ff8ba280000 - 0x00007ff8ba28a000 	C:\windows\SYSTEM32\VERSION.dll
0x00007ff88d0c0000 - 0x00007ff88d0c9000 	C:\windows\SYSTEM32\WSOCK32.dll
0x00007ff8c6050000 - 0x00007ff8c60bb000 	C:\windows\System32\WS2_32.dll
0x00007ff8c2f20000 - 0x00007ff8c2f32000 	C:\windows\SYSTEM32\kernel.appcore.dll
0x00007ff8bad40000 - 0x00007ff8bad50000 	C:\Program Files\Eclipse Adoptium\jdk-8.0.382.5-hotspot\jre\bin\verify.dll
0x00007ff8a2340000 - 0x00007ff8a236b000 	C:\Program Files\Eclipse Adoptium\jdk-8.0.382.5-hotspot\jre\bin\java.dll
0x00007ff8aa1e0000 - 0x00007ff8aa1f8000 	C:\Program Files\Eclipse Adoptium\jdk-8.0.382.5-hotspot\jre\bin\zip.dll
0x00007ff8c60c0000 - 0x00007ff8c6804000 	C:\windows\System32\SHELL32.dll
0x00007ff8c23e0000 - 0x00007ff8c2b7b000 	C:\windows\SYSTEM32\windows.storage.dll
0x00007ff8c5430000 - 0x00007ff8c5784000 	C:\windows\System32\combase.dll
0x00007ff8c4180000 - 0x00007ff8c41ad000 	C:\windows\SYSTEM32\Wldp.dll
0x00007ff8c5a90000 - 0x00007ff8c5b3d000 	C:\windows\System32\SHCORE.dll
0x00007ff8c5e30000 - 0x00007ff8c5e85000 	C:\windows\System32\shlwapi.dll
0x00007ff8c4670000 - 0x00007ff8c4695000 	C:\windows\SYSTEM32\profapi.dll
0x0000000065580000 - 0x0000000065616000 	C:\Users\lucaz\AppData\Local\Temp\libgdxlucaz\12dfaa03\gdx64.dll
0x00007ff8c40d0000 - 0x00007ff8c40e8000 	C:\windows\SYSTEM32\CRYPTSP.dll
0x00007ff8c3740000 - 0x00007ff8c3774000 	C:\windows\system32\rsaenh.dll
0x00007ff8c4770000 - 0x00007ff8c4797000 	C:\windows\System32\bcrypt.dll
0x00007ff8c45f0000 - 0x00007ff8c461e000 	C:\windows\SYSTEM32\USERENV.dll
0x00007ff8c4d30000 - 0x00007ff8c4db2000 	C:\windows\System32\bcryptprimitives.dll
0x00007ff8c40f0000 - 0x00007ff8c40fc000 	C:\windows\SYSTEM32\CRYPTBASE.dll
0x00007ff8a2230000 - 0x00007ff8a224c000 	C:\Program Files\Eclipse Adoptium\jdk-8.0.382.5-hotspot\jre\bin\net.dll
0x00007ff8c3ea0000 - 0x00007ff8c3f0a000 	C:\windows\system32\mswsock.dll
0x00007ff8c3b50000 - 0x00007ff8c3b8b000 	C:\windows\SYSTEM32\IPHLPAPI.DLL
0x00007ff8c6ff0000 - 0x00007ff8c6ff8000 	C:\windows\System32\NSI.dll
0x00007ff8bb6e0000 - 0x00007ff8bb6f7000 	C:\windows\SYSTEM32\dhcpcsvc6.DLL
0x00007ff8bb350000 - 0x00007ff8bb36d000 	C:\windows\SYSTEM32\dhcpcsvc.DLL
0x00007ff8c3ba0000 - 0x00007ff8c3c6a000 	C:\windows\SYSTEM32\DNSAPI.dll
0x00007ff8a2210000 - 0x00007ff8a2223000 	C:\Program Files\Eclipse Adoptium\jdk-8.0.382.5-hotspot\jre\bin\nio.dll
0x0000000180000000 - 0x0000000180053000 	C:\Users\lucaz\AppData\Local\Temp\libgdxlucaz\dc0f0009\lwjgl64.dll
0x00007ff883bc0000 - 0x00007ff883ce5000 	C:\windows\SYSTEM32\OPENGL32.dll
0x00007ff88ab50000 - 0x00007ff88ab7c000 	C:\windows\SYSTEM32\GLU32.dll
0x00000288ff050000 - 0x00000288ff0b4000 	C:\Users\lucaz\AppData\Local\Temp\libgdxlucaz\dc0f0009\OpenAL64.dll
0x00007ff8c68e0000 - 0x00007ff8c6a0b000 	C:\windows\System32\ole32.dll
0x00007ff8beb70000 - 0x00007ff8bec0e000 	C:\windows\system32\uxtheme.dll
0x00007ff8c52e0000 - 0x00007ff8c5389000 	C:\windows\System32\clbcatq.dll
0x00007ff858d40000 - 0x00007ff858ddc000 	C:\windows\SYSTEM32\dsound.dll
0x00007ff8c3cc0000 - 0x00007ff8c3d0b000 	C:\windows\SYSTEM32\powrprof.dll
0x00007ff89d510000 - 0x00007ff89d536000 	C:\windows\SYSTEM32\winmmbase.dll
0x00007ff8c3b30000 - 0x00007ff8c3b42000 	C:\windows\SYSTEM32\UMPDC.dll
0x00007ff8aa3f0000 - 0x00007ff8aa475000 	C:\windows\System32\MMDevApi.dll
0x00007ff8c44d0000 - 0x00007ff8c4503000 	C:\windows\System32\DEVOBJ.dll
0x00007ff8c4c40000 - 0x00007ff8c4c8e000 	C:\windows\System32\cfgmgr32.dll
0x00007ff899a50000 - 0x00007ff899bd2000 	C:\windows\SYSTEM32\AUDIOSES.DLL
0x00007ff8c6810000 - 0x00007ff8c68dd000 	C:\windows\System32\OLEAUT32.dll
0x00007ff8c2c40000 - 0x00007ff8c2e24000 	C:\windows\SYSTEM32\dbghelp.dll

VM Arguments:
jvm_args: -Duser.language=en_US -Dfile.encoding=UTF-8 
java_command: org.uqbar.project.wollok.launch.WollokLauncher -requestsPort 0 -eventsPort 0 -folder -dontValidate -wf src/juego.wpgm
java_class_path (initial): C:\Users\lucaz\github-classroom\pdep-lunes-tarde\OBJETOS\2023-objetos-tp-integrador-adler-objetos\bin;C:\wollok\wollok-win32.win32.x86_64\plugins\com.ibm.icu_64.2.0.v20190507-1337.jar;C:\wollok\wollok-win32.win32.x86_64\plugins\org.eclipse.xtext_2.20.0.v20191202-0915.jar;C:\wollok\wollok-win32.win32.x86_64\plugins\org.eclipse.emf.ecore.xmi_2.16.0.v20190528-0725.jar;C:\wollok\wollok-win32.win32.x86_64\plugins\org.eclipse.emf.ecore_2.20.0.v20190920-0401.jar;C:\wollok\wollok-win32.win32.x86_64\plugins\org.eclipse.emf.common_2.17.0.v20190920-0401.jar;C:\wollok\wollok-win32.win32.x86_64\plugins\org.antlr.runtime_3.2.0.v201101311130.jar;C:\wollok\wollok-win32.win32.x86_64\plugins\com.google.inject_3.0.0.v201605172100.jar;C:\wollok\wollok-win32.win32.x86_64\plugins\org.eclipse.emf.mwe.core_1.5.1.v20191121-1148.jar;C:\wollok\wollok-win32.win32.x86_64\plugins\org.apache.commons.cli_1.2.0.v201404270220.jar;C:\wollok\wollok-win32.win32.x86_64\plugins\org.eclipse.emf.mwe2.runtime_2.11.1.v20191121-1148.jar;C:\wollok\wollok-win32.win32.x86_64\plugins\org.eclipse.emf.mwe.utils_1.5.1.v20191121-1148.jar;C:\wollok\wollok-win32.win32.x86_64\plugins\org.eclipse.xtext.util_2.20.0.v20191202-0915.jar;C:\wollok\wollok-win32.win32.x86_64\plugins\com.google.guava_27.1.0.v20190517-1946.jar;C:\wollok\wollok-win32.win32.x86_64\plugins\javax.inject_1.0.0.v20091030.jar;C:\wollok\wollok-win32.win32.x86_64\plugins\org.eclipse.xtext.generator_2.20.0.v20191202-0933.jar;C:\wollok\wollok-win32.win32.x86_64\plugins\org.eclipse.xtext.xtext.generator_2.20.0.v20191202-0915.jar;C:\wollok\wollok-win32.win32.x86_64\plugins\org.eclipse.xtext.xbase.lib_2.20.0.v20191202-0907.jar;C:\wollok\wollok-win32.win32.x86_64\plugins\org.eclipse.emf.codegen.ecore_2.20.0.v20191012-0918.jar;C:\wollok\wollok-win32.win32.x86_64\plugins\org.eclipse.emf.codegen_2.19.0.v20190821-1536.jar;C:\wollok\wollok-win32.win32.x86_64\plugins\org.eclipse.xtend_2.2.0.v201605260315.jar;C:\wollok\wollok-win32.win32.x
Launcher Type: SUN_STANDARD

Environment Variables:
JAVA_HOME=C:\Program Files\Eclipse Adoptium\jdk-8.0.382.5-hotspot\
USERNAME=lucaz
OS=Windows_NT
PROCESSOR_IDENTIFIER=Intel64 Family 6 Model 165 Stepping 2, GenuineIntel



---------------  S Y S T E M  ---------------

OS: Windows 10 , 64 bit Build 19041 (10.0.19041.3570)

CPU:total 8 (initial active 8) (4 cores per cpu, 2 threads per core) family 6 model 165 stepping 2, cmov, cx8, fxsr, mmx, sse, sse2, sse3, ssse3, sse4.1, sse4.2, popcnt, avx, avx2, aes, clmul, erms, 3dnowpref, lzcnt, ht, tsc, tscinvbit, bmi1, bmi2, adx

Memory: 4k page, physical 8154872k(1348100k free), swap 19689208k(6065080k free)

vm_info: OpenJDK 64-Bit Server VM (25.382-b05) for windows-amd64 JRE (1.8.0_382-b05), built on Jul 19 2023 15:37:29 by "jenkins" with MS VC++ 15.9 (VS2017)

time: Fri Oct 13 19:54:32 2023
timezone: Argentina Standard Time
elapsed time: 2.297886 seconds (0d 0h 0m 2s)

